#
# There is insufficient memory for the Java Runtime Environment to continue.
# Native memory allocation (mmap) failed to map 65536 bytes for Failed to commit metaspace.
# Possible reasons:
#   The system is out of physical RAM or swap space
#   The process is running with CompressedOops enabled, and the Java Heap may be blocking the growth of the native heap
# Possible solutions:
#   Reduce memory load on the system
#   Increase physical memory or swap space
#   Check if swap backing store is full
#   Decrease Java heap size (-Xmx/-Xms)
#   Decrease number of Java threads
#   Decrease Java thread stack sizes (-Xss)
#   Set larger code cache with -XX:ReservedCodeCacheSize=
#   JVM is running with Zero Based Compressed Oops mode in which the Java heap is
#     placed in the first 32GB address space. The Java Heap base address is the
#     maximum limit for the native heap growth. Please use -XX:HeapBaseMinAddress
#     to set the Java Heap base and to place the Java Heap above 32GB virtual address.
# This output file may be truncated or incomplete.
#
#  Out of Memory Error (virtualSpaceNode.cpp:110), pid=24416, tid=9384
#
# JRE version: OpenJDK Runtime Environment Temurin-17.0.2+8 (17.0.2+8) (build 17.0.2+8)
# Java VM: OpenJDK 64-Bit Server VM Temurin-17.0.2+8 (17.0.2+8, mixed mode, emulated-client, tiered, compressed oops, compressed class ptrs, g1 gc, windows-amd64)
# No core dump will be written. Minidumps are not enabled by default on client versions of Windows
#

---------------  S U M M A R Y ------------

Command Line: -Dsts.lsp.client=vscode -Dsts.log.file=/dev/null -XX:TieredStopAtLevel=1 -Dspring.config.location=file:c:\Users\HP\.vscode\extensions\pivotal.vscode-spring-boot-1.32.0\language-server\BOOT-INF\classes\application.properties org.springframework.ide.vscode.boot.app.BootLanguageServerBootApp

Host: Intel(R) Core(TM) i7-9750H CPU @ 2.60GHz, 12 cores, 15G,  Windows 11 , 64 bit Build 22000 (10.0.22000.434)
Time: Sun Mar 13 14:05:25 2022 SE Asia Standard Time elapsed time: 1.838201 seconds (0d 0h 0m 1s)

---------------  T H R E A D  ---------------

Current thread (0x000001be2bdf2cd0):  JavaThread "main" [_thread_in_vm, id=9384, stack(0x000000a420000000,0x000000a420100000)]

Stack: [0x000000a420000000,0x000000a420100000]
Native frames: (J=compiled Java code, j=interpreted, Vv=VM code, C=native code)
V  [jvm.dll+0x67564a]
V  [jvm.dll+0x82fc04]
V  [jvm.dll+0x8313ae]
V  [jvm.dll+0x831a13]
V  [jvm.dll+0x245235]
V  [jvm.dll+0x82bbab]
V  [jvm.dll+0x61a336]
V  [jvm.dll+0x1c016e]
V  [jvm.dll+0x61cc81]
V  [jvm.dll+0x61acd6]
V  [jvm.dll+0x624a37]
V  [jvm.dll+0x1e9eab]
V  [jvm.dll+0x1ea3e5]
V  [jvm.dll+0x1eae1f]
V  [jvm.dll+0x1e02c1]
V  [jvm.dll+0x53b6e0]
V  [jvm.dll+0x7aad88]
V  [jvm.dll+0x7aae74]
V  [jvm.dll+0x40c2f5]
V  [jvm.dll+0x4124e8]
C  [java.dll+0x17ec]

Java frames: (J=compiled Java code, j=interpreted, Vv=VM code)
J 656  java.lang.ClassLoader.defineClass1(Ljava/lang/ClassLoader;Ljava/lang/String;[BIILjava/security/ProtectionDomain;Ljava/lang/String;)Ljava/lang/Class; java.base@17.0.2 (0 bytes) @ 0x000001be2ed0a2e3 [0x000001be2ed0a220+0x00000000000000c3]
J 652 c1 java.lang.ClassLoader.defineClass(Ljava/lang/String;[BIILjava/security/ProtectionDomain;)Ljava/lang/Class; java.base@17.0.2 (43 bytes) @ 0x000001be2ed0bf6c [0x000001be2ed0be60+0x000000000000010c]
J 574 c1 jdk.internal.loader.BuiltinClassLoader.defineClass(Ljava/lang/String;Ljdk/internal/loader/Resource;)Ljava/lang/Class; java.base@17.0.2 (121 bytes) @ 0x000001be2ecea374 [0x000001be2ece9ea0+0x00000000000004d4]
J 573 c1 jdk.internal.loader.BuiltinClassLoader.findClassOnClassPathOrNull(Ljava/lang/String;)Ljava/lang/Class; java.base@17.0.2 (64 bytes) @ 0x000001be2eceb044 [0x000001be2ecead80+0x00000000000002c4]
J 348 c1 jdk.internal.loader.BuiltinClassLoader.loadClassOrNull(Ljava/lang/String;Z)Ljava/lang/Class; java.base@17.0.2 (143 bytes) @ 0x000001be2ec8c484 [0x000001be2ec8c000+0x0000000000000484]
J 529 c1 jdk.internal.loader.ClassLoaders$AppClassLoader.loadClass(Ljava/lang/String;Z)Ljava/lang/Class; java.base@17.0.2 (40 bytes) @ 0x000001be2ecd472c [0x000001be2ecd45e0+0x000000000000014c]
J 528 c1 java.lang.ClassLoader.loadClass(Ljava/lang/String;)Ljava/lang/Class; java.base@17.0.2 (7 bytes) @ 0x000001be2ecd3b64 [0x000001be2ecd3b20+0x0000000000000044]
v  ~StubRoutines::call_stub
j  org.springframework.expression.spel.support.StandardEvaluationContext.initPropertyAccessors()Ljava/util/List;+19
j  org.springframework.expression.spel.support.StandardEvaluationContext.addPropertyAccessor(Lorg/springframework/expression/PropertyAccessor;)V+1
j  org.springframework.context.expression.StandardBeanExpressionResolver.evaluate(Ljava/lang/String;Lorg/springframework/beans/factory/config/BeanExpressionContext;)Ljava/lang/Object;+93
j  org.springframework.beans.factory.support.AbstractBeanFactory.evaluateBeanDefinitionString(Ljava/lang/String;Lorg/springframework/beans/factory/config/BeanDefinition;)Ljava/lang/Object;+49
j  org.springframework.beans.factory.support.BeanDefinitionValueResolver.doEvaluate(Ljava/lang/String;)Ljava/lang/Object;+9
j  org.springframework.beans.factory.support.BeanDefinitionValueResolver.resolveReference(Ljava/lang/Object;Lorg/springframework/beans/factory/config/RuntimeBeanReference;)Ljava/lang/Object;+149
j  org.springframework.beans.factory.support.BeanDefinitionValueResolver.resolveValueIfNecessary(Ljava/lang/Object;Ljava/lang/Object;)Ljava/lang/Object;+15
j  org.springframework.beans.factory.support.AbstractAutowireCapableBeanFactory.applyPropertyValues(Ljava/lang/String;Lorg/springframework/beans/factory/config/BeanDefinition;Lorg/springframework/beans/BeanWrapper;Lorg/springframework/beans/PropertyValues;)V+308
j  org.springframework.beans.factory.support.AbstractAutowireCapableBeanFactory.populateBean(Ljava/lang/String;Lorg/springframework/beans/factory/support/RootBeanDefinition;Lorg/springframework/beans/BeanWrapper;)V+392
j  org.springframework.beans.factory.support.AbstractAutowireCapableBeanFactory.doCreateBean(Ljava/lang/String;Lorg/springframework/beans/factory/support/RootBeanDefinition;[Ljava/lang/Object;)Ljava/lang/Object;+237
j  org.springframework.beans.factory.support.AbstractAutowireCapableBeanFactory.createBean(Ljava/lang/String;Lorg/springframework/beans/factory/support/RootBeanDefinition;[Ljava/lang/Object;)Ljava/lang/Object;+169
j  org.springframework.beans.factory.support.AbstractBeanFactory.lambda$doGetBean$0(Ljava/lang/String;Lorg/springframework/beans/factory/support/RootBeanDefinition;[Ljava/lang/Object;)Ljava/lang/Object;+4
j  org.springframework.beans.factory.support.AbstractBeanFactory$$Lambda$207+0x0000000800281030.getObject()Ljava/lang/Object;+16
j  org.springframework.beans.factory.support.DefaultSingletonBeanRegistry.getSingleton(Ljava/lang/String;Lorg/springframework/beans/factory/ObjectFactory;)Ljava/lang/Object;+132
j  org.springframework.beans.factory.support.AbstractBeanFactory.doGetBean(Ljava/lang/String;Ljava/lang/Class;[Ljava/lang/Object;Z)Ljava/lang/Object;+467
j  org.springframework.beans.factory.support.AbstractBeanFactory.getBean(Ljava/lang/String;Ljava/lang/Class;)Ljava/lang/Object;+5
j  org.springframework.context.support.PostProcessorRegistrationDelegate.invokeBeanFactoryPostProcessors(Lorg/springframework/beans/factory/config/ConfigurableListableBeanFactory;Ljava/util/List;)V+184
j  org.springframework.context.support.AbstractApplicationContext.invokeBeanFactoryPostProcessors(Lorg/springframework/beans/factory/config/ConfigurableListableBeanFactory;)V+5
j  org.springframework.context.support.AbstractApplicationContext.refresh()V+28
j  org.springframework.boot.SpringApplication.refresh(Lorg/springframework/context/ConfigurableApplicationContext;)V+1
j  org.springframework.boot.SpringApplication.refresh(Lorg/springframework/context/ApplicationContext;)V+11
j  org.springframework.boot.SpringApplication.refreshContext(Lorg/springframework/context/ConfigurableApplicationContext;)V+19
j  org.springframework.boot.SpringApplication.run([Ljava/lang/String;)Lorg/springframework/context/ConfigurableApplicationContext;+118
j  org.springframework.boot.SpringApplication.run([Ljava/lang/Class;[Ljava/lang/String;)Lorg/springframework/context/ConfigurableApplicationContext;+9
j  org.springframework.boot.SpringApplication.run(Ljava/lang/Class;[Ljava/lang/String;)Lorg/springframework/context/ConfigurableApplicationContext;+9
j  org.springframework.ide.vscode.boot.app.BootLanguageServerBootApp.main([Ljava/lang/String;)V+19
v  ~StubRoutines::call_stub

---------------  P R O C E S S  ---------------

Threads class SMR info:
_java_thread_list=0x000001be3f736490, length=14, elements={
0x000001be2bdf2cd0, 0x000001be3e18cc90, 0x000001be3e18db00, 0x000001be3ec2f090,
0x000001be3ec31d10, 0x000001be3ec336d0, 0x000001be3ec5f420, 0x000001be3ec612e0,
0x000001be3ec6e4d0, 0x000001be3edaa4c0, 0x000001be3edb3630, 0x000001be2bdf4a60,
0x000001be3f436980, 0x000001be3f436e90
}

Java Threads: ( => current thread )
=>0x000001be2bdf2cd0 JavaThread "main" [_thread_in_vm, id=9384, stack(0x000000a420000000,0x000000a420100000)]
  0x000001be3e18cc90 JavaThread "Reference Handler" daemon [_thread_blocked, id=18656, stack(0x000000a420700000,0x000000a420800000)]
  0x000001be3e18db00 JavaThread "Finalizer" daemon [_thread_blocked, id=17672, stack(0x000000a420800000,0x000000a420900000)]
  0x000001be3ec2f090 JavaThread "Signal Dispatcher" daemon [_thread_blocked, id=23516, stack(0x000000a420900000,0x000000a420a00000)]
  0x000001be3ec31d10 JavaThread "Attach Listener" daemon [_thread_blocked, id=8784, stack(0x000000a420a00000,0x000000a420b00000)]
  0x000001be3ec336d0 JavaThread "Service Thread" daemon [_thread_blocked, id=17952, stack(0x000000a420b00000,0x000000a420c00000)]
  0x000001be3ec5f420 JavaThread "Monitor Deflation Thread" daemon [_thread_blocked, id=25716, stack(0x000000a420c00000,0x000000a420d00000)]
  0x000001be3ec612e0 JavaThread "C1 CompilerThread0" daemon [_thread_blocked, id=24708, stack(0x000000a420d00000,0x000000a420e00000)]
  0x000001be3ec6e4d0 JavaThread "Sweeper thread" daemon [_thread_blocked, id=20304, stack(0x000000a420e00000,0x000000a420f00000)]
  0x000001be3edaa4c0 JavaThread "Notification Thread" daemon [_thread_blocked, id=18596, stack(0x000000a420f00000,0x000000a421000000)]
  0x000001be3edb3630 JavaThread "Common-Cleaner" daemon [_thread_blocked, id=22908, stack(0x000000a421100000,0x000000a421200000)]
  0x000001be2bdf4a60 JavaThread "C1 CompilerThread1" daemon [_thread_blocked, id=17436, stack(0x000000a421200000,0x000000a421300000)]
  0x000001be3f436980 JavaThread "C1 CompilerThread2" daemon [_thread_blocked, id=18100, stack(0x000000a421300000,0x000000a421400000)]
  0x000001be3f436e90 JavaThread "C1 CompilerThread3" daemon [_thread_blocked, id=21908, stack(0x000000a421400000,0x000000a421500000)]

Other Threads:
  0x000001be3ec0ac80 VMThread "VM Thread" [stack: 0x000000a420600000,0x000000a420700000] [id=26156]
  0x000001be3e130c30 WatcherThread [stack: 0x000000a421000000,0x000000a421100000] [id=11672]
  0x000001be2be48b80 GCTaskThread "GC Thread#0" [stack: 0x000000a420100000,0x000000a420200000] [id=17780]
  0x000001be3f5cac50 GCTaskThread "GC Thread#1" [stack: 0x000000a421500000,0x000000a421600000] [id=25684]
  0x000001be3f5dc0a0 GCTaskThread "GC Thread#2" [stack: 0x000000a421600000,0x000000a421700000] [id=23940]
  0x000001be3f5dc350 GCTaskThread "GC Thread#3" [stack: 0x000000a421700000,0x000000a421800000] [id=1712]
  0x000001be3f5dc600 GCTaskThread "GC Thread#4" [stack: 0x000000a421800000,0x000000a421900000] [id=22160]
  0x000001be3f5de4d0 GCTaskThread "GC Thread#5" [stack: 0x000000a421900000,0x000000a421a00000] [id=8676]
  0x000001be3f601bd0 GCTaskThread "GC Thread#6" [stack: 0x000000a421a00000,0x000000a421b00000] [id=25400]
  0x000001be2be59850 ConcurrentGCThread "G1 Main Marker" [stack: 0x000000a420200000,0x000000a420300000] [id=10904]
  0x000001be2be5aa00 ConcurrentGCThread "G1 Conc#0" [stack: 0x000000a420300000,0x000000a420400000] [id=9964]
  0x000001be2bececf0 ConcurrentGCThread "G1 Refine#0" [stack: 0x000000a420400000,0x000000a420500000] [id=24628]
  0x000001be3dffa840 ConcurrentGCThread "G1 Service" [stack: 0x000000a420500000,0x000000a420600000] [id=14968]

Threads with active compile tasks:

VM state: not at safepoint (normal execution)

VM Mutex/Monitor currently owned by a thread:  ([mutex/lock_event])
[0x000001be29afbe90] Metaspace_lock - owner thread: 0x000001be2bdf2cd0

Heap address: 0x0000000702600000, size: 4058 MB, Compressed Oops mode: Zero based, Oop shift amount: 3

CDS archive(s) not mapped
Compressed class space mapped at: 0x0000000800000000-0x0000000840000000, reserved size: 1073741824
Narrow klass base: 0x0000000800000000, Narrow klass shift: 0, Narrow klass range: 0x40000000

GC Precious Log:
 CPUs: 12 total, 12 available
 Memory: 16224M
 Large Page Support: Disabled
 NUMA Support: Disabled
 Compressed Oops: Enabled (Zero based)
 Heap Region Size: 2M
 Heap Min Capacity: 8M
 Heap Initial Capacity: 254M
 Heap Max Capacity: 4058M
 Pre-touch: Disabled
 Parallel Workers: 10
 Concurrent Workers: 3
 Concurrent Refinement Workers: 10
 Periodic GC: Disabled

Heap:
 garbage-first heap   total 260096K, used 28060K [0x0000000702600000, 0x0000000800000000)
  region size 2048K, 14 young (28672K), 2 survivors (4096K)
 Metaspace       used 18976K, committed 19200K, reserved 1073152K
  class space    used 2361K, committed 2496K, reserved 1048576K

Heap Regions: E=young(eden), S=young(survivor), O=old, HS=humongous(starts), HC=humongous(continues), CS=collection set, F=free, OA=open archive, CA=closed archive, TAMS=top-at-mark-start (previous, next)
|   0|0x0000000702600000, 0x0000000702767200, 0x0000000702800000| 70%| O|  |TAMS 0x0000000702600000, 0x0000000702600000| Untracked 
|   1|0x0000000702800000, 0x0000000702800000, 0x0000000702a00000|  0%| F|  |TAMS 0x0000000702800000, 0x0000000702800000| Untracked 
|   2|0x0000000702a00000, 0x0000000702a00000, 0x0000000702c00000|  0%| F|  |TAMS 0x0000000702a00000, 0x0000000702a00000| Untracked 
|   3|0x0000000702c00000, 0x0000000702c00000, 0x0000000702e00000|  0%| F|  |TAMS 0x0000000702c00000, 0x0000000702c00000| Untracked 
|   4|0x0000000702e00000, 0x0000000702e00000, 0x0000000703000000|  0%| F|  |TAMS 0x0000000702e00000, 0x0000000702e00000| Untracked 
|   5|0x0000000703000000, 0x0000000703000000, 0x0000000703200000|  0%| F|  |TAMS 0x0000000703000000, 0x0000000703000000| Untracked 
|   6|0x0000000703200000, 0x0000000703200000, 0x0000000703400000|  0%| F|  |TAMS 0x0000000703200000, 0x0000000703200000| Untracked 
|   7|0x0000000703400000, 0x0000000703400000, 0x0000000703600000|  0%| F|  |TAMS 0x0000000703400000, 0x0000000703400000| Untracked 
|   8|0x0000000703600000, 0x0000000703600000, 0x0000000703800000|  0%| F|  |TAMS 0x0000000703600000, 0x0000000703600000| Untracked 
|   9|0x0000000703800000, 0x0000000703800000, 0x0000000703a00000|  0%| F|  |TAMS 0x0000000703800000, 0x0000000703800000| Untracked 
|  10|0x0000000703a00000, 0x0000000703a00000, 0x0000000703c00000|  0%| F|  |TAMS 0x0000000703a00000, 0x0000000703a00000| Untracked 
|  11|0x0000000703c00000, 0x0000000703c00000, 0x0000000703e00000|  0%| F|  |TAMS 0x0000000703c00000, 0x0000000703c00000| Untracked 
|  12|0x0000000703e00000, 0x0000000703e00000, 0x0000000704000000|  0%| F|  |TAMS 0x0000000703e00000, 0x0000000703e00000| Untracked 
|  13|0x0000000704000000, 0x0000000704000000, 0x0000000704200000|  0%| F|  |TAMS 0x0000000704000000, 0x0000000704000000| Untracked 
|  14|0x0000000704200000, 0x0000000704200000, 0x0000000704400000|  0%| F|  |TAMS 0x0000000704200000, 0x0000000704200000| Untracked 
|  15|0x0000000704400000, 0x0000000704400000, 0x0000000704600000|  0%| F|  |TAMS 0x0000000704400000, 0x0000000704400000| Untracked 
|  16|0x0000000704600000, 0x0000000704600000, 0x0000000704800000|  0%| F|  |TAMS 0x0000000704600000, 0x0000000704600000| Untracked 
|  17|0x0000000704800000, 0x0000000704800000, 0x0000000704a00000|  0%| F|  |TAMS 0x0000000704800000, 0x0000000704800000| Untracked 
|  18|0x0000000704a00000, 0x0000000704a00000, 0x0000000704c00000|  0%| F|  |TAMS 0x0000000704a00000, 0x0000000704a00000| Untracked 
|  19|0x0000000704c00000, 0x0000000704c00000, 0x0000000704e00000|  0%| F|  |TAMS 0x0000000704c00000, 0x0000000704c00000| Untracked 
|  20|0x0000000704e00000, 0x0000000704e00000, 0x0000000705000000|  0%| F|  |TAMS 0x0000000704e00000, 0x0000000704e00000| Untracked 
|  21|0x0000000705000000, 0x0000000705000000, 0x0000000705200000|  0%| F|  |TAMS 0x0000000705000000, 0x0000000705000000| Untracked 
|  22|0x0000000705200000, 0x0000000705200000, 0x0000000705400000|  0%| F|  |TAMS 0x0000000705200000, 0x0000000705200000| Untracked 
|  23|0x0000000705400000, 0x0000000705400000, 0x0000000705600000|  0%| F|  |TAMS 0x0000000705400000, 0x0000000705400000| Untracked 
|  24|0x0000000705600000, 0x0000000705600000, 0x0000000705800000|  0%| F|  |TAMS 0x0000000705600000, 0x0000000705600000| Untracked 
|  25|0x0000000705800000, 0x0000000705800000, 0x0000000705a00000|  0%| F|  |TAMS 0x0000000705800000, 0x0000000705800000| Untracked 
|  26|0x0000000705a00000, 0x0000000705a00000, 0x0000000705c00000|  0%| F|  |TAMS 0x0000000705a00000, 0x0000000705a00000| Untracked 
|  27|0x0000000705c00000, 0x0000000705c00000, 0x0000000705e00000|  0%| F|  |TAMS 0x0000000705c00000, 0x0000000705c00000| Untracked 
|  28|0x0000000705e00000, 0x0000000705e00000, 0x0000000706000000|  0%| F|  |TAMS 0x0000000705e00000, 0x0000000705e00000| Untracked 
|  29|0x0000000706000000, 0x0000000706000000, 0x0000000706200000|  0%| F|  |TAMS 0x0000000706000000, 0x0000000706000000| Untracked 
|  30|0x0000000706200000, 0x0000000706200000, 0x0000000706400000|  0%| F|  |TAMS 0x0000000706200000, 0x0000000706200000| Untracked 
|  31|0x0000000706400000, 0x0000000706400000, 0x0000000706600000|  0%| F|  |TAMS 0x0000000706400000, 0x0000000706400000| Untracked 
|  32|0x0000000706600000, 0x0000000706600000, 0x0000000706800000|  0%| F|  |TAMS 0x0000000706600000, 0x0000000706600000| Untracked 
|  33|0x0000000706800000, 0x0000000706800000, 0x0000000706a00000|  0%| F|  |TAMS 0x0000000706800000, 0x0000000706800000| Untracked 
|  34|0x0000000706a00000, 0x0000000706a00000, 0x0000000706c00000|  0%| F|  |TAMS 0x0000000706a00000, 0x0000000706a00000| Untracked 
|  35|0x0000000706c00000, 0x0000000706c00000, 0x0000000706e00000|  0%| F|  |TAMS 0x0000000706c00000, 0x0000000706c00000| Untracked 
|  36|0x0000000706e00000, 0x0000000706e00000, 0x0000000707000000|  0%| F|  |TAMS 0x0000000706e00000, 0x0000000706e00000| Untracked 
|  37|0x0000000707000000, 0x0000000707000000, 0x0000000707200000|  0%| F|  |TAMS 0x0000000707000000, 0x0000000707000000| Untracked 
|  38|0x0000000707200000, 0x0000000707200000, 0x0000000707400000|  0%| F|  |TAMS 0x0000000707200000, 0x0000000707200000| Untracked 
|  39|0x0000000707400000, 0x0000000707400000, 0x0000000707600000|  0%| F|  |TAMS 0x0000000707400000, 0x0000000707400000| Untracked 
|  40|0x0000000707600000, 0x0000000707600000, 0x0000000707800000|  0%| F|  |TAMS 0x0000000707600000, 0x0000000707600000| Untracked 
|  41|0x0000000707800000, 0x0000000707800000, 0x0000000707a00000|  0%| F|  |TAMS 0x0000000707800000, 0x0000000707800000| Untracked 
|  42|0x0000000707a00000, 0x0000000707a00000, 0x0000000707c00000|  0%| F|  |TAMS 0x0000000707a00000, 0x0000000707a00000| Untracked 
|  43|0x0000000707c00000, 0x0000000707c00000, 0x0000000707e00000|  0%| F|  |TAMS 0x0000000707c00000, 0x0000000707c00000| Untracked 
|  44|0x0000000707e00000, 0x0000000707e00000, 0x0000000708000000|  0%| F|  |TAMS 0x0000000707e00000, 0x0000000707e00000| Untracked 
|  45|0x0000000708000000, 0x0000000708000000, 0x0000000708200000|  0%| F|  |TAMS 0x0000000708000000, 0x0000000708000000| Untracked 
|  46|0x0000000708200000, 0x0000000708200000, 0x0000000708400000|  0%| F|  |TAMS 0x0000000708200000, 0x0000000708200000| Untracked 
|  47|0x0000000708400000, 0x0000000708400000, 0x0000000708600000|  0%| F|  |TAMS 0x0000000708400000, 0x0000000708400000| Untracked 
|  48|0x0000000708600000, 0x0000000708600000, 0x0000000708800000|  0%| F|  |TAMS 0x0000000708600000, 0x0000000708600000| Untracked 
|  49|0x0000000708800000, 0x0000000708800000, 0x0000000708a00000|  0%| F|  |TAMS 0x0000000708800000, 0x0000000708800000| Untracked 
|  50|0x0000000708a00000, 0x0000000708a00000, 0x0000000708c00000|  0%| F|  |TAMS 0x0000000708a00000, 0x0000000708a00000| Untracked 
|  51|0x0000000708c00000, 0x0000000708c00000, 0x0000000708e00000|  0%| F|  |TAMS 0x0000000708c00000, 0x0000000708c00000| Untracked 
|  52|0x0000000708e00000, 0x0000000708e00000, 0x0000000709000000|  0%| F|  |TAMS 0x0000000708e00000, 0x0000000708e00000| Untracked 
|  53|0x0000000709000000, 0x0000000709000000, 0x0000000709200000|  0%| F|  |TAMS 0x0000000709000000, 0x0000000709000000| Untracked 
|  54|0x0000000709200000, 0x0000000709200000, 0x0000000709400000|  0%| F|  |TAMS 0x0000000709200000, 0x0000000709200000| Untracked 
|  55|0x0000000709400000, 0x0000000709400000, 0x0000000709600000|  0%| F|  |TAMS 0x0000000709400000, 0x0000000709400000| Untracked 
|  56|0x0000000709600000, 0x0000000709600000, 0x0000000709800000|  0%| F|  |TAMS 0x0000000709600000, 0x0000000709600000| Untracked 
|  57|0x0000000709800000, 0x0000000709800000, 0x0000000709a00000|  0%| F|  |TAMS 0x0000000709800000, 0x0000000709800000| Untracked 
|  58|0x0000000709a00000, 0x0000000709a00000, 0x0000000709c00000|  0%| F|  |TAMS 0x0000000709a00000, 0x0000000709a00000| Untracked 
|  59|0x0000000709c00000, 0x0000000709c00000, 0x0000000709e00000|  0%| F|  |TAMS 0x0000000709c00000, 0x0000000709c00000| Untracked 
|  60|0x0000000709e00000, 0x0000000709e00000, 0x000000070a000000|  0%| F|  |TAMS 0x0000000709e00000, 0x0000000709e00000| Untracked 
|  61|0x000000070a000000, 0x000000070a000000, 0x000000070a200000|  0%| F|  |TAMS 0x000000070a000000, 0x000000070a000000| Untracked 
|  62|0x000000070a200000, 0x000000070a200000, 0x000000070a400000|  0%| F|  |TAMS 0x000000070a200000, 0x000000070a200000| Untracked 
|  63|0x000000070a400000, 0x000000070a400000, 0x000000070a600000|  0%| F|  |TAMS 0x000000070a400000, 0x000000070a400000| Untracked 
|  64|0x000000070a600000, 0x000000070a600000, 0x000000070a800000|  0%| F|  |TAMS 0x000000070a600000, 0x000000070a600000| Untracked 
|  65|0x000000070a800000, 0x000000070a800000, 0x000000070aa00000|  0%| F|  |TAMS 0x000000070a800000, 0x000000070a800000| Untracked 
|  66|0x000000070aa00000, 0x000000070aa00000, 0x000000070ac00000|  0%| F|  |TAMS 0x000000070aa00000, 0x000000070aa00000| Untracked 
|  67|0x000000070ac00000, 0x000000070ac00000, 0x000000070ae00000|  0%| F|  |TAMS 0x000000070ac00000, 0x000000070ac00000| Untracked 
|  68|0x000000070ae00000, 0x000000070ae00000, 0x000000070b000000|  0%| F|  |TAMS 0x000000070ae00000, 0x000000070ae00000| Untracked 
|  69|0x000000070b000000, 0x000000070b000000, 0x000000070b200000|  0%| F|  |TAMS 0x000000070b000000, 0x000000070b000000| Untracked 
|  70|0x000000070b200000, 0x000000070b200000, 0x000000070b400000|  0%| F|  |TAMS 0x000000070b200000, 0x000000070b200000| Untracked 
|  71|0x000000070b400000, 0x000000070b400000, 0x000000070b600000|  0%| F|  |TAMS 0x000000070b400000, 0x000000070b400000| Untracked 
|  72|0x000000070b600000, 0x000000070b600000, 0x000000070b800000|  0%| F|  |TAMS 0x000000070b600000, 0x000000070b600000| Untracked 
|  73|0x000000070b800000, 0x000000070b800000, 0x000000070ba00000|  0%| F|  |TAMS 0x000000070b800000, 0x000000070b800000| Untracked 
|  74|0x000000070ba00000, 0x000000070ba00000, 0x000000070bc00000|  0%| F|  |TAMS 0x000000070ba00000, 0x000000070ba00000| Untracked 
|  75|0x000000070bc00000, 0x000000070bc00000, 0x000000070be00000|  0%| F|  |TAMS 0x000000070bc00000, 0x000000070bc00000| Untracked 
|  76|0x000000070be00000, 0x000000070be00000, 0x000000070c000000|  0%| F|  |TAMS 0x000000070be00000, 0x000000070be00000| Untracked 
|  77|0x000000070c000000, 0x000000070c000000, 0x000000070c200000|  0%| F|  |TAMS 0x000000070c000000, 0x000000070c000000| Untracked 
|  78|0x000000070c200000, 0x000000070c200000, 0x000000070c400000|  0%| F|  |TAMS 0x000000070c200000, 0x000000070c200000| Untracked 
|  79|0x000000070c400000, 0x000000070c400000, 0x000000070c600000|  0%| F|  |TAMS 0x000000070c400000, 0x000000070c400000| Untracked 
|  80|0x000000070c600000, 0x000000070c600000, 0x000000070c800000|  0%| F|  |TAMS 0x000000070c600000, 0x000000070c600000| Untracked 
|  81|0x000000070c800000, 0x000000070c800000, 0x000000070ca00000|  0%| F|  |TAMS 0x000000070c800000, 0x000000070c800000| Untracked 
|  82|0x000000070ca00000, 0x000000070ca00000, 0x000000070cc00000|  0%| F|  |TAMS 0x000000070ca00000, 0x000000070ca00000| Untracked 
|  83|0x000000070cc00000, 0x000000070cc00000, 0x000000070ce00000|  0%| F|  |TAMS 0x000000070cc00000, 0x000000070cc00000| Untracked 
|  84|0x000000070ce00000, 0x000000070ce00000, 0x000000070d000000|  0%| F|  |TAMS 0x000000070ce00000, 0x000000070ce00000| Untracked 
|  85|0x000000070d000000, 0x000000070d000000, 0x000000070d200000|  0%| F|  |TAMS 0x000000070d000000, 0x000000070d000000| Untracked 
|  86|0x000000070d200000, 0x000000070d200000, 0x000000070d400000|  0%| F|  |TAMS 0x000000070d200000, 0x000000070d200000| Untracked 
|  87|0x000000070d400000, 0x000000070d400000, 0x000000070d600000|  0%| F|  |TAMS 0x000000070d400000, 0x000000070d400000| Untracked 
|  88|0x000000070d600000, 0x000000070d600000, 0x000000070d800000|  0%| F|  |TAMS 0x000000070d600000, 0x000000070d600000| Untracked 
|  89|0x000000070d800000, 0x000000070d800000, 0x000000070da00000|  0%| F|  |TAMS 0x000000070d800000, 0x000000070d800000| Untracked 
|  90|0x000000070da00000, 0x000000070da00000, 0x000000070dc00000|  0%| F|  |TAMS 0x000000070da00000, 0x000000070da00000| Untracked 
|  91|0x000000070dc00000, 0x000000070dc00000, 0x000000070de00000|  0%| F|  |TAMS 0x000000070dc00000, 0x000000070dc00000| Untracked 
|  92|0x000000070de00000, 0x000000070de00000, 0x000000070e000000|  0%| F|  |TAMS 0x000000070de00000, 0x000000070de00000| Untracked 
|  93|0x000000070e000000, 0x000000070e000000, 0x000000070e200000|  0%| F|  |TAMS 0x000000070e000000, 0x000000070e000000| Untracked 
|  94|0x000000070e200000, 0x000000070e200000, 0x000000070e400000|  0%| F|  |TAMS 0x000000070e200000, 0x000000070e200000| Untracked 
|  95|0x000000070e400000, 0x000000070e400000, 0x000000070e600000|  0%| F|  |TAMS 0x000000070e400000, 0x000000070e400000| Untracked 
|  96|0x000000070e600000, 0x000000070e600000, 0x000000070e800000|  0%| F|  |TAMS 0x000000070e600000, 0x000000070e600000| Untracked 
|  97|0x000000070e800000, 0x000000070e800000, 0x000000070ea00000|  0%| F|  |TAMS 0x000000070e800000, 0x000000070e800000| Untracked 
|  98|0x000000070ea00000, 0x000000070ea00000, 0x000000070ec00000|  0%| F|  |TAMS 0x000000070ea00000, 0x000000070ea00000| Untracked 
|  99|0x000000070ec00000, 0x000000070ec00000, 0x000000070ee00000|  0%| F|  |TAMS 0x000000070ec00000, 0x000000070ec00000| Untracked 
| 100|0x000000070ee00000, 0x000000070ee00000, 0x000000070f000000|  0%| F|  |TAMS 0x000000070ee00000, 0x000000070ee00000| Untracked 
| 101|0x000000070f000000, 0x000000070f000000, 0x000000070f200000|  0%| F|  |TAMS 0x000000070f000000, 0x000000070f000000| Untracked 
| 102|0x000000070f200000, 0x000000070f200000, 0x000000070f400000|  0%| F|  |TAMS 0x000000070f200000, 0x000000070f200000| Untracked 
| 103|0x000000070f400000, 0x000000070f400000, 0x000000070f600000|  0%| F|  |TAMS 0x000000070f400000, 0x000000070f400000| Untracked 
| 104|0x000000070f600000, 0x000000070f600000, 0x000000070f800000|  0%| F|  |TAMS 0x000000070f600000, 0x000000070f600000| Untracked 
| 105|0x000000070f800000, 0x000000070f800000, 0x000000070fa00000|  0%| F|  |TAMS 0x000000070f800000, 0x000000070f800000| Untracked 
| 106|0x000000070fa00000, 0x000000070fa00000, 0x000000070fc00000|  0%| F|  |TAMS 0x000000070fa00000, 0x000000070fa00000| Untracked 
| 107|0x000000070fc00000, 0x000000070fc00000, 0x000000070fe00000|  0%| F|  |TAMS 0x000000070fc00000, 0x000000070fc00000| Untracked 
| 108|0x000000070fe00000, 0x000000070fe00000, 0x0000000710000000|  0%| F|  |TAMS 0x000000070fe00000, 0x000000070fe00000| Untracked 
| 109|0x0000000710000000, 0x0000000710000000, 0x0000000710200000|  0%| F|  |TAMS 0x0000000710000000, 0x0000000710000000| Untracked 
| 110|0x0000000710200000, 0x0000000710200000, 0x0000000710400000|  0%| F|  |TAMS 0x0000000710200000, 0x0000000710200000| Untracked 
| 111|0x0000000710400000, 0x0000000710400000, 0x0000000710600000|  0%| F|  |TAMS 0x0000000710400000, 0x0000000710400000| Untracked 
| 112|0x0000000710600000, 0x0000000710600000, 0x0000000710800000|  0%| F|  |TAMS 0x0000000710600000, 0x0000000710600000| Untracked 
| 113|0x0000000710800000, 0x0000000710a00000, 0x0000000710a00000|100%| E|  |TAMS 0x0000000710800000, 0x0000000710800000| Complete 
| 114|0x0000000710a00000, 0x0000000710c00000, 0x0000000710c00000|100%| S|CS|TAMS 0x0000000710a00000, 0x0000000710a00000| Complete 
| 115|0x0000000710c00000, 0x0000000710e00000, 0x0000000710e00000|100%| S|CS|TAMS 0x0000000710c00000, 0x0000000710c00000| Complete 
| 116|0x0000000710e00000, 0x0000000711000000, 0x0000000711000000|100%| E|CS|TAMS 0x0000000710e00000, 0x0000000710e00000| Complete 
| 117|0x0000000711000000, 0x0000000711200000, 0x0000000711200000|100%| E|CS|TAMS 0x0000000711000000, 0x0000000711000000| Complete 
| 118|0x0000000711200000, 0x0000000711400000, 0x0000000711400000|100%| E|CS|TAMS 0x0000000711200000, 0x0000000711200000| Complete 
| 119|0x0000000711400000, 0x0000000711600000, 0x0000000711600000|100%| E|CS|TAMS 0x0000000711400000, 0x0000000711400000| Complete 
| 120|0x0000000711600000, 0x0000000711800000, 0x0000000711800000|100%| E|CS|TAMS 0x0000000711600000, 0x0000000711600000| Complete 
| 121|0x0000000711800000, 0x0000000711a00000, 0x0000000711a00000|100%| E|CS|TAMS 0x0000000711800000, 0x0000000711800000| Complete 
| 122|0x0000000711a00000, 0x0000000711c00000, 0x0000000711c00000|100%| E|CS|TAMS 0x0000000711a00000, 0x0000000711a00000| Complete 
| 123|0x0000000711c00000, 0x0000000711e00000, 0x0000000711e00000|100%| E|CS|TAMS 0x0000000711c00000, 0x0000000711c00000| Complete 
| 124|0x0000000711e00000, 0x0000000712000000, 0x0000000712000000|100%| E|CS|TAMS 0x0000000711e00000, 0x0000000711e00000| Complete 
| 125|0x0000000712000000, 0x0000000712200000, 0x0000000712200000|100%| E|CS|TAMS 0x0000000712000000, 0x0000000712000000| Complete 
| 126|0x0000000712200000, 0x0000000712400000, 0x0000000712400000|100%| E|CS|TAMS 0x0000000712200000, 0x0000000712200000| Complete 

Card table byte_map: [0x000001be325a0000,0x000001be32d90000] _byte_map_base: 0x000001be2ed8d000

Marking Bits (Prev, Next): (CMBitMap*) 0x000001be2be49190, (CMBitMap*) 0x000001be2be491d0
 Prev Bits: [0x000001be33580000, 0x000001be374e8000)
 Next Bits: [0x000001be374f0000, 0x000001be3b458000)

Polling page: 0x000001be29dd0000

Metaspace:

Usage:
  Non-class:     16.23 MB used.
      Class:      2.31 MB used.
       Both:     18.53 MB used.

Virtual space:
  Non-class space:       24.00 MB reserved,      16.31 MB ( 68%) committed,  3 nodes.
      Class space:        1.00 GB reserved,       2.44 MB ( <1%) committed,  1 nodes.
             Both:        1.02 GB reserved,      18.75 MB (  2%) committed. 

Chunk freelists:
   Non-Class:  3.48 MB
       Class:  1.47 MB
        Both:  4.95 MB

MaxMetaspaceSize: unlimited
CompressedClassSpaceSize: 1.00 GB
Initial GC threshold: 21.00 MB
Current GC threshold: 21.00 MB
CDS: off
MetaspaceReclaimPolicy: balanced
 - commit_granule_bytes: 65536.
 - commit_granule_words: 8192.
 - virtual_space_node_default_size: 1048576.
 - enlarge_chunks_in_place: 1.
 - new_chunks_are_fully_committed: 0.
 - uncommit_free_chunks: 1.
 - use_allocation_guard: 0.
 - handle_deallocations: 1.


Internal statistics:

num_allocs_failed_limit: 0.
num_arena_births: 124.
num_arena_deaths: 0.
num_vsnodes_births: 4.
num_vsnodes_deaths: 0.
num_space_committed: 300.
num_space_uncommitted: 0.
num_chunks_returned_to_freelist: 0.
num_chunks_taken_from_freelist: 470.
num_chunk_merges: 0.
num_chunk_splits: 309.
num_chunks_enlarged: 247.
num_purges: 0.
num_inconsistent_stats: 0.

CodeCache: size=49152Kb used=5228Kb max_used=5228Kb free=43923Kb
 bounds [0x000001be2ea80000, 0x000001be2efa0000, 0x000001be31a80000]
 total_blobs=2086 nmethods=1634 adapters=376
 compilation: enabled
              stopped_count=0, restarted_count=0
 full_count=0

Compilation events (20 events):
Event: 1.798 Thread 0x000001be3ec612e0 1624       1       java.lang.System$2::getEnumConstantsShared (8 bytes)
Event: 1.798 Thread 0x000001be3f436e90 1625       1       org.springframework.core.annotation.AnnotationTypeMapping::getDistance (5 bytes)
Event: 1.798 Thread 0x000001be3ec612e0 nmethod 1624 0x000001be2ef95310 code [0x000001be2ef954a0, 0x000001be2ef955c8]
Event: 1.798 Thread 0x000001be3f436e90 nmethod 1625 0x000001be2ef95690 code [0x000001be2ef95820, 0x000001be2ef958f8]
Event: 1.798 Thread 0x000001be3f436980 1626       1       org.springframework.core.annotation.TypeMappedAnnotations::access$200 (5 bytes)
Event: 1.798 Thread 0x000001be3f436980 nmethod 1626 0x000001be2ef95990 code [0x000001be2ef95b20, 0x000001be2ef95bd8]
Event: 1.798 Thread 0x000001be3f436980 1627       1       org.springframework.core.annotation.PackagesAnnotationFilter::matches (42 bytes)
Event: 1.798 Thread 0x000001be3f436980 nmethod 1627 0x000001be2ef95c90 code [0x000001be2ef95e40, 0x000001be2ef95fc8]
Event: 1.799 Thread 0x000001be3f436980 1628       1       org.springframework.core.annotation.AnnotationFilter::matches (11 bytes)
Event: 1.799 Thread 0x000001be3f436980 nmethod 1628 0x000001be2ef96110 code [0x000001be2ef962c0, 0x000001be2ef963f8]
Event: 1.800 Thread 0x000001be3f436980 1629       1       java.util.LinkedHashMap$LinkedKeyIterator::next (8 bytes)
Event: 1.800 Thread 0x000001be3f436980 nmethod 1629 0x000001be2ef96510 code [0x000001be2ef966a0, 0x000001be2ef96788]
Event: 1.800 Thread 0x000001be2bdf4a60 1630       1       org.springframework.core.ResolvableType::getType (8 bytes)
Event: 1.800 Thread 0x000001be3f436e90 1631       1       org.springframework.core.SerializableTypeWrapper::unwrap (34 bytes)
Event: 1.801 Thread 0x000001be3f436e90 nmethod 1631 0x000001be2ef96810 code [0x000001be2ef969e0, 0x000001be2ef96d48]
Event: 1.801 Thread 0x000001be2bdf4a60 nmethod 1630 0x000001be2ef96f10 code [0x000001be2ef970e0, 0x000001be2ef97468]
Event: 1.810 Thread 0x000001be2bdf4a60 1632   !   1       java.util.concurrent.ConcurrentHashMap::transfer (850 bytes)
Event: 1.814 Thread 0x000001be2bdf4a60 nmethod 1632 0x000001be2ef97a90 code [0x000001be2ef97d80, 0x000001be2ef998a8]
Event: 1.827 Thread 0x000001be2bdf4a60 1634       1       ch.qos.logback.classic.Logger::getChildByName (68 bytes)
Event: 1.827 Thread 0x000001be2bdf4a60 nmethod 1634 0x000001be2ef9aa90 code [0x000001be2ef9ac60, 0x000001be2ef9aec8]

GC Heap History (2 events):
Event: 1.076 GC heap before
{Heap before GC invocations=0 (full 0):
 garbage-first heap   total 260096K, used 20480K [0x0000000702600000, 0x0000000800000000)
  region size 2048K, 11 young (22528K), 0 survivors (0K)
 Metaspace       used 11759K, committed 11904K, reserved 1064960K
  class space    used 1374K, committed 1472K, reserved 1048576K
}
Event: 1.081 GC heap after
{Heap after GC invocations=1 (full 0):
 garbage-first heap   total 260096K, used 5532K [0x0000000702600000, 0x0000000800000000)
  region size 2048K, 2 young (4096K), 2 survivors (4096K)
 Metaspace       used 11759K, committed 11904K, reserved 1064960K
  class space    used 1374K, committed 1472K, reserved 1048576K
}

Deoptimization events (2 events):
Event: 0.978 Thread 0x000001be2bdf2cd0 DEOPT PACKING pc=0x000001be2ee80501 sp=0x000000a4200fd820
Event: 0.978 Thread 0x000001be2bdf2cd0 DEOPT UNPACKING pc=0x000001be2ead2b43 sp=0x000000a4200fcc90 mode 3

Classes unloaded (0 events):
No events

Classes redefined (0 events):
No events

Internal exceptions (20 events):
Event: 1.265 Thread 0x000001be2bdf2cd0 Exception <a 'java/lang/NoSuchMethodError'{0x0000000711f697e0}: 'java.lang.Object java.lang.invoke.DirectMethodHandle$Holder.invokeSpecial(java.lang.Object, java.lang.Object, java.lang.Object, java.lang.Object, java.lang.Object, java.lang.Object, int)'> (0x0000000711f697e0) 
thrown [e:\jenkins\tmp\workspace\build\src\src\hotspot\share\interpreter\linkResolver.cpp, line 766]
Event: 1.266 Thread 0x000001be2bdf2cd0 Exception <a 'java/lang/NoSuchMethodError'{0x0000000711f73a90}: 'java.lang.Object java.lang.invoke.DirectMethodHandle$Holder.newInvokeSpecial(java.lang.Object, java.lang.Object, java.lang.Object, java.lang.Object, java.lang.Object, java.lang.Object, int)'> (0x0000000711f73a90) 
thrown [e:\jenkins\tmp\workspace\build\src\src\hotspot\share\interpreter\linkResolver.cpp, line 766]
Event: 1.266 Thread 0x000001be2bdf2cd0 Exception <a 'java/lang/NoSuchMethodError'{0x0000000711f78828}: 'java.lang.Object java.lang.invoke.DirectMethodHandle$Holder.invokeSpecial(java.lang.Object, java.lang.Object, java.lang.Object, java.lang.Object, java.lang.Object, java.lang.Object, java.lang.Object, int)'> (0x0000000711f78828) 
thrown [e:\jenkins\tmp\workspace\build\src\src\hotspot\share\interpreter\linkResolver.cpp, line 766]
Event: 1.279 Thread 0x000001be2bdf2cd0 Exception <a 'java/lang/NoSuchMethodError'{0x0000000711fc49f8}: 'java.lang.Object java.lang.invoke.DirectMethodHandle$Holder.newInvokeSpecial(java.lang.Object, java.lang.Object, int, java.lang.Object)'> (0x0000000711fc49f8) 
thrown [e:\jenkins\tmp\workspace\build\src\src\hotspot\share\interpreter\linkResolver.cpp, line 766]
Event: 1.280 Thread 0x000001be2bdf2cd0 Exception <a 'java/lang/NoSuchMethodError'{0x0000000711fc8dd8}: 'java.lang.Object java.lang.invoke.DirectMethodHandle$Holder.invokeSpecial(java.lang.Object, java.lang.Object, java.lang.Object, int, java.lang.Object)'> (0x0000000711fc8dd8) 
thrown [e:\jenkins\tmp\workspace\build\src\src\hotspot\share\interpreter\linkResolver.cpp, line 766]
Event: 1.286 Thread 0x000001be2bdf2cd0 Exception <a 'java/lang/NoSuchMethodError'{0x0000000711c04aa0}: 'java.lang.Object java.lang.invoke.DirectMethodHandle$Holder.newInvokeSpecial(java.lang.Object, java.lang.Object, java.lang.Object, java.lang.Object, java.lang.Object, java.lang.Object)'> (0x0000000711c04aa0) 
thrown [e:\jenkins\tmp\workspace\build\src\src\hotspot\share\interpreter\linkResolver.cpp, line 766]
Event: 1.299 Thread 0x000001be2bdf2cd0 Exception <a 'java/lang/NoSuchMethodError'{0x0000000711c46a48}: 'void java.lang.invoke.DirectMethodHandle$Holder.invokeStatic(java.lang.Object, java.lang.Object, java.lang.Object, java.lang.Object)'> (0x0000000711c46a48) 
thrown [e:\jenkins\tmp\workspace\build\src\src\hotspot\share\interpreter\linkResolver.cpp, line 766]
Event: 1.311 Thread 0x000001be2bdf2cd0 Exception <a 'java/lang/NoSuchMethodError'{0x0000000711c9bdf0}: 'void java.lang.invoke.DirectMethodHandle$Holder.invokeStatic(java.lang.Object, java.lang.Object)'> (0x0000000711c9bdf0) 
thrown [e:\jenkins\tmp\workspace\build\src\src\hotspot\share\interpreter\linkResolver.cpp, line 766]
Event: 1.312 Thread 0x000001be2bdf2cd0 Exception <a 'java/lang/NoSuchMethodError'{0x0000000711c9f348}: 'void java.lang.invoke.DirectMethodHandle$Holder.invokeStaticInit(java.lang.Object, java.lang.Object)'> (0x0000000711c9f348) 
thrown [e:\jenkins\tmp\workspace\build\src\src\hotspot\share\interpreter\linkResolver.cpp, line 766]
Event: 1.316 Thread 0x000001be2bdf2cd0 Exception <a 'java/lang/NoSuchMethodError'{0x0000000711cb6fd8}: 'java.lang.Object java.lang.invoke.DirectMethodHandle$Holder.invokeStaticInit(java.lang.Object)'> (0x0000000711cb6fd8) 
thrown [e:\jenkins\tmp\workspace\build\src\src\hotspot\share\interpreter\linkResolver.cpp, line 766]
Event: 1.388 Thread 0x000001be2bdf2cd0 Exception <a 'java/lang/NoSuchMethodError'{0x0000000711d99c88}: 'void java.lang.invoke.DirectMethodHandle$Holder.invokeSpecial(java.lang.Object, java.lang.Object, java.lang.Object, java.lang.Object, java.lang.Object)'> (0x0000000711d99c88) 
thrown [e:\jenkins\tmp\workspace\build\src\src\hotspot\share\interpreter\linkResolver.cpp, line 766]
Event: 1.397 Thread 0x000001be3f6ca510 Exception <a 'java/lang/NoClassDefFoundError'{0x0000000711df1d40}: javax/validation/Validation> (0x0000000711df1d40) 
thrown [e:\jenkins\tmp\workspace\build\src\src\hotspot\share\classfile\systemDictionary.cpp, line 245]
Event: 1.415 Thread 0x000001be3f6ca510 Exception <a 'java/lang/NoSuchMethodError'{0x0000000711afdfe8}: 'int java.lang.invoke.DirectMethodHandle$Holder.invokeInterface(java.lang.Object, java.lang.Object)'> (0x0000000711afdfe8) 
thrown [e:\jenkins\tmp\workspace\build\src\src\hotspot\share\interpreter\linkResolver.cpp, line 766]
Event: 1.422 Thread 0x000001be3f6ca510 Exception <a 'java/lang/NoSuchMethodError'{0x0000000711ba1ec8}: 'java.lang.Object java.lang.invoke.DirectMethodHandle$Holder.invokeStaticInit(java.lang.Object, java.lang.Object, java.lang.Object)'> (0x0000000711ba1ec8) 
thrown [e:\jenkins\tmp\workspace\build\src\src\hotspot\share\interpreter\linkResolver.cpp, line 766]
Event: 1.423 Thread 0x000001be3f6ca510 Exception <a 'java/lang/NoSuchMethodError'{0x0000000711ba7db8}: 'java.lang.Object java.lang.invoke.DirectMethodHandle$Holder.invokeStaticInit(java.lang.Object, java.lang.Object, java.lang.Object, java.lang.Object, java.lang.Object)'> (0x0000000711ba7db8) 
thrown [e:\jenkins\tmp\workspace\build\src\src\hotspot\share\interpreter\linkResolver.cpp, line 766]
Event: 1.585 Thread 0x000001be3f6ca510 Exception <a 'java/lang/NoClassDefFoundError'{0x00000007114165e0}: com/fasterxml/jackson/databind/Module> (0x00000007114165e0) 
thrown [e:\jenkins\tmp\workspace\build\src\src\hotspot\share\classfile\systemDictionary.cpp, line 245]
Event: 1.597 Thread 0x000001be2bdf2cd0 Exception <a 'java/lang/NoSuchMethodError'{0x0000000711205a90}: 'void java.lang.invoke.DirectMethodHandle$Holder.invokeStatic(java.lang.Object, java.lang.Object, int)'> (0x0000000711205a90) 
thrown [e:\jenkins\tmp\workspace\build\src\src\hotspot\share\interpreter\linkResolver.cpp, line 766]
Event: 1.696 Thread 0x000001be2bdf2cd0 Exception <a 'java/lang/NoClassDefFoundError'{0x000000071118f6f0}: javax/validation/ValidationException> (0x000000071118f6f0) 
thrown [e:\jenkins\tmp\workspace\build\src\src\hotspot\share\classfile\systemDictionary.cpp, line 245]
Event: 1.708 Thread 0x000001be2bdf2cd0 Exception <a 'java/lang/NoClassDefFoundError'{0x00000007111dff60}: org/springframework/jdbc/CannotGetJdbcConnectionException> (0x00000007111dff60) 
thrown [e:\jenkins\tmp\workspace\build\src\src\hotspot\share\classfile\systemDictionary.cpp, line 245]
Event: 1.731 Thread 0x000001be2bdf2cd0 Exception <a 'java/lang/NoSuchMethodError'{0x0000000710e73b40}: 'org.slf4j.impl.StaticMDCBinder org.slf4j.impl.StaticMDCBinder.getSingleton()'> (0x0000000710e73b40) 
thrown [e:\jenkins\tmp\workspace\build\src\src\hotspot\share\interpreter\linkResolver.cpp, line 766]

VM Operations (20 events):
Event: 0.856 Executing VM operation: HandshakeAllThreads
Event: 0.856 Executing VM operation: HandshakeAllThreads done
Event: 1.076 Executing VM operation: G1CollectForAllocation
Event: 1.081 Executing VM operation: G1CollectForAllocation done
Event: 1.084 Executing VM operation: HandshakeAllThreads
Event: 1.084 Executing VM operation: HandshakeAllThreads done
Event: 1.292 Executing VM operation: HandshakeAllThreads
Event: 1.292 Executing VM operation: HandshakeAllThreads done
Event: 1.406 Executing VM operation: HandshakeAllThreads
Event: 1.406 Executing VM operation: HandshakeAllThreads done
Event: 1.443 Executing VM operation: HandshakeAllThreads
Event: 1.443 Executing VM operation: HandshakeAllThreads done
Event: 1.459 Executing VM operation: HandshakeAllThreads
Event: 1.459 Executing VM operation: HandshakeAllThreads done
Event: 1.465 Executing VM operation: HandshakeAllThreads
Event: 1.465 Executing VM operation: HandshakeAllThreads done
Event: 1.794 Executing VM operation: ICBufferFull
Event: 1.795 Executing VM operation: ICBufferFull done
Event: 1.817 Executing VM operation: HandshakeAllThreads
Event: 1.817 Executing VM operation: HandshakeAllThreads done

Events (20 events):
Event: 1.771 loading class jdk/internal/reflect/ByteVectorImpl
Event: 1.771 loading class jdk/internal/reflect/ByteVector
Event: 1.771 loading class jdk/internal/reflect/ByteVector done
Event: 1.771 loading class jdk/internal/reflect/ByteVectorImpl done
Event: 1.771 loading class jdk/internal/reflect/ClassFileAssembler
Event: 1.771 loading class jdk/internal/reflect/ClassFileAssembler done
Event: 1.771 loading class jdk/internal/reflect/UTF8
Event: 1.771 loading class jdk/internal/reflect/UTF8 done
Event: 1.772 loading class jdk/internal/reflect/Label
Event: 1.772 loading class jdk/internal/reflect/Label done
Event: 1.772 loading class jdk/internal/reflect/Label$PatchInfo
Event: 1.772 loading class jdk/internal/reflect/Label$PatchInfo done
Event: 1.772 loading class jdk/internal/reflect/MethodAccessorGenerator$1
Event: 1.772 loading class jdk/internal/reflect/MethodAccessorGenerator$1 done
Event: 1.773 loading class jdk/internal/reflect/ClassDefiner
Event: 1.773 loading class jdk/internal/reflect/ClassDefiner done
Event: 1.773 loading class jdk/internal/reflect/ClassDefiner$1
Event: 1.773 loading class jdk/internal/reflect/ClassDefiner$1 done
Event: 1.773 loading class jdk/internal/reflect/BootstrapConstructorAccessorImpl
Event: 1.773 loading class jdk/internal/reflect/BootstrapConstructorAccessorImpl done


Dynamic libraries:
0x00007ff77b8d0000 - 0x00007ff77b8de000 	c:\Users\HP\.vscode\extensions\redhat.java-1.4.0\jre\17.0.2-win32-x86_64\bin\java.exe
0x00007ff824140000 - 0x00007ff824349000 	C:\WINDOWS\SYSTEM32\ntdll.dll
0x00007ff822d60000 - 0x00007ff822e1d000 	C:\WINDOWS\System32\KERNEL32.DLL
0x00007ff821750000 - 0x00007ff821ac4000 	C:\WINDOWS\System32\KERNELBASE.dll
0x00007ff821d80000 - 0x00007ff821e91000 	C:\WINDOWS\System32\ucrtbase.dll
0x00007ff805ad0000 - 0x00007ff805ae8000 	c:\Users\HP\.vscode\extensions\redhat.java-1.4.0\jre\17.0.2-win32-x86_64\bin\jli.dll
0x00007ff805cc0000 - 0x00007ff805cd9000 	c:\Users\HP\.vscode\extensions\redhat.java-1.4.0\jre\17.0.2-win32-x86_64\bin\VCRUNTIME140.dll
0x00007ff823f50000 - 0x00007ff8240fc000 	C:\WINDOWS\System32\USER32.dll
0x00007ff821c40000 - 0x00007ff821c66000 	C:\WINDOWS\System32\win32u.dll
0x00007ff822270000 - 0x00007ff822299000 	C:\WINDOWS\System32\GDI32.dll
0x00007ff801310000 - 0x00007ff8015b5000 	C:\WINDOWS\WinSxS\amd64_microsoft.windows.common-controls_6595b64144ccf1df_6.0.22000.120_none_9d947278b86cc467\COMCTL32.dll
0x00007ff821630000 - 0x00007ff821742000 	C:\WINDOWS\System32\gdi32full.dll
0x00007ff821c70000 - 0x00007ff821d0d000 	C:\WINDOWS\System32\msvcp_win.dll
0x00007ff821fe0000 - 0x00007ff822083000 	C:\WINDOWS\System32\msvcrt.dll
0x00007ff822180000 - 0x00007ff8221b1000 	C:\WINDOWS\System32\IMM32.DLL
0x00007ff80b040000 - 0x00007ff80b04c000 	c:\Users\HP\.vscode\extensions\redhat.java-1.4.0\jre\17.0.2-win32-x86_64\bin\vcruntime140_1.dll
0x00007fffd2980000 - 0x00007fffd2a11000 	c:\Users\HP\.vscode\extensions\redhat.java-1.4.0\jre\17.0.2-win32-x86_64\bin\msvcp140.dll
0x00007fff8ad10000 - 0x00007fff8b957000 	c:\Users\HP\.vscode\extensions\redhat.java-1.4.0\jre\17.0.2-win32-x86_64\bin\server\jvm.dll
0x00007ff8221c0000 - 0x00007ff82226e000 	C:\WINDOWS\System32\ADVAPI32.dll
0x00007ff823eb0000 - 0x00007ff823f4e000 	C:\WINDOWS\System32\sechost.dll
0x00007ff822c40000 - 0x00007ff822d60000 	C:\WINDOWS\System32\RPCRT4.dll
0x00007ff823480000 - 0x00007ff823488000 	C:\WINDOWS\System32\PSAPI.DLL
0x00007fffe23d0000 - 0x00007fffe23d9000 	C:\WINDOWS\SYSTEM32\WSOCK32.dll
0x00007ff81b550000 - 0x00007ff81b55a000 	C:\WINDOWS\SYSTEM32\VERSION.dll
0x00007ff81ccc0000 - 0x00007ff81ccf3000 	C:\WINDOWS\SYSTEM32\WINMM.dll
0x00007ff823e40000 - 0x00007ff823eaf000 	C:\WINDOWS\System32\WS2_32.dll
0x00007ff8207a0000 - 0x00007ff8207b8000 	C:\WINDOWS\SYSTEM32\kernel.appcore.dll
0x00007ff808140000 - 0x00007ff80814a000 	c:\Users\HP\.vscode\extensions\redhat.java-1.4.0\jre\17.0.2-win32-x86_64\bin\jimage.dll
0x00007ff81f120000 - 0x00007ff81f341000 	C:\WINDOWS\SYSTEM32\DBGHELP.DLL
0x00007ff801f40000 - 0x00007ff801f71000 	C:\WINDOWS\SYSTEM32\dbgcore.DLL
0x00007ff821ea0000 - 0x00007ff821f1f000 	C:\WINDOWS\System32\bcryptPrimitives.dll
0x00007ff8057b0000 - 0x00007ff8057d5000 	c:\Users\HP\.vscode\extensions\redhat.java-1.4.0\jre\17.0.2-win32-x86_64\bin\java.dll
0x00007ffffb9e0000 - 0x00007ffffb9f8000 	c:\Users\HP\.vscode\extensions\redhat.java-1.4.0\jre\17.0.2-win32-x86_64\bin\zip.dll
0x00007ff8222a0000 - 0x00007ff822a4e000 	C:\WINDOWS\System32\SHELL32.dll
0x00007ff81f7a0000 - 0x00007ff820008000 	C:\WINDOWS\SYSTEM32\windows.storage.dll
0x00007ff823100000 - 0x00007ff823478000 	C:\WINDOWS\System32\combase.dll
0x00007ff81f630000 - 0x00007ff81f796000 	C:\WINDOWS\SYSTEM32\wintypes.dll
0x00007ff823710000 - 0x00007ff8237fa000 	C:\WINDOWS\System32\SHCORE.dll
0x00007ff822ea0000 - 0x00007ff822efd000 	C:\WINDOWS\System32\shlwapi.dll
0x00007ff821560000 - 0x00007ff821581000 	C:\WINDOWS\SYSTEM32\profapi.dll
0x00007fffecbe0000 - 0x00007fffecbf9000 	C:\Users\HP\.vscode\extensions\redhat.java-1.4.0\jre\17.0.2-win32-x86_64\bin\net.dll
0x00007ff81c200000 - 0x00007ff81c30c000 	C:\WINDOWS\SYSTEM32\WINHTTP.dll
0x00007ff820c50000 - 0x00007ff820cb7000 	C:\WINDOWS\system32\mswsock.dll
0x00007fffecbc0000 - 0x00007fffecbd5000 	C:\Users\HP\.vscode\extensions\redhat.java-1.4.0\jre\17.0.2-win32-x86_64\bin\nio.dll
0x00007fffe3880000 - 0x00007fffe3890000 	c:\Users\HP\.vscode\extensions\redhat.java-1.4.0\jre\17.0.2-win32-x86_64\bin\verify.dll
0x00007ff81d4b0000 - 0x00007ff81d4b9000 	C:\Users\HP\.vscode\extensions\redhat.java-1.4.0\jre\17.0.2-win32-x86_64\bin\management.dll
0x00007ff80b7a0000 - 0x00007ff80b7ab000 	C:\Users\HP\.vscode\extensions\redhat.java-1.4.0\jre\17.0.2-win32-x86_64\bin\management_ext.dll
0x00007ffff8e40000 - 0x00007ffff8e57000 	C:\WINDOWS\system32\napinsp.dll
0x00007ffff8cb0000 - 0x00007ffff8ccb000 	C:\WINDOWS\system32\pnrpnsp.dll
0x00007ff820340000 - 0x00007ff820427000 	C:\WINDOWS\SYSTEM32\DNSAPI.dll
0x00007ff820310000 - 0x00007ff82033d000 	C:\WINDOWS\SYSTEM32\IPHLPAPI.DLL
0x00007ff8236a0000 - 0x00007ff8236a9000 	C:\WINDOWS\System32\NSI.dll
0x00007ffff8c90000 - 0x00007ffff8ca2000 	C:\WINDOWS\System32\winrnr.dll
0x00007ffff8c70000 - 0x00007ffff8c85000 	C:\WINDOWS\system32\wshbth.dll
0x00007ffff7560000 - 0x00007ffff757f000 	C:\WINDOWS\system32\nlansp_c.dll
0x00007ff80b570000 - 0x00007ff80b57a000 	C:\Windows\System32\rasadhlp.dll
0x00007ff81aa30000 - 0x00007ff81aab1000 	C:\WINDOWS\System32\fwpuclnt.dll

dbghelp: loaded successfully - version: 4.0.5 - missing functions: none
symbol engine: initialized successfully - sym options: 0x614 - pdb path: .;c:\Users\HP\.vscode\extensions\redhat.java-1.4.0\jre\17.0.2-win32-x86_64\bin;C:\WINDOWS\SYSTEM32;C:\WINDOWS\WinSxS\amd64_microsoft.windows.common-controls_6595b64144ccf1df_6.0.22000.120_none_9d947278b86cc467;c:\Users\HP\.vscode\extensions\redhat.java-1.4.0\jre\17.0.2-win32-x86_64\bin\server

VM Arguments:
jvm_args: -Dsts.lsp.client=vscode -Dsts.log.file=/dev/null -XX:TieredStopAtLevel=1 -Dspring.config.location=file:c:\Users\HP\.vscode\extensions\pivotal.vscode-spring-boot-1.32.0\language-server\BOOT-INF\classes\application.properties 
java_command: org.springframework.ide.vscode.boot.app.BootLanguageServerBootApp
java_class_path (initial): c:\Users\HP\.vscode\extensions\pivotal.vscode-spring-boot-1.32.0\language-server\BOOT-INF\classes;c:\Users\HP\.vscode\extensions\pivotal.vscode-spring-boot-1.32.0\language-server\BOOT-INF\lib\antlr4-runtime-4.5.3.jar;c:\Users\HP\.vscode\extensions\pivotal.vscode-spring-boot-1.32.0\language-server\BOOT-INF\lib\byte-buddy-1.10.18.jar;c:\Users\HP\.vscode\extensions\pivotal.vscode-spring-boot-1.32.0\language-server\BOOT-INF\lib\commons-codec-1.14.jar;c:\Users\HP\.vscode\extensions\pivotal.vscode-spring-boot-1.32.0\language-server\BOOT-INF\lib\commons-io-2.4.jar;c:\Users\HP\.vscode\extensions\pivotal.vscode-spring-boot-1.32.0\language-server\BOOT-INF\lib\commons-java-1.32.0-SNAPSHOT.jar;c:\Users\HP\.vscode\extensions\pivotal.vscode-spring-boot-1.32.0\language-server\BOOT-INF\lib\commons-lang3-3.10.jar;c:\Users\HP\.vscode\extensions\pivotal.vscode-spring-boot-1.32.0\language-server\BOOT-INF\lib\commons-language-server-1.32.0-SNAPSHOT.jar;c:\Users\HP\.vscode\extensions\pivotal.vscode-spring-boot-1.32.0\language-server\BOOT-INF\lib\commons-lsp-extensions-1.32.0-SNAPSHOT.jar;c:\Users\HP\.vscode\extensions\pivotal.vscode-spring-boot-1.32.0\language-server\BOOT-INF\lib\commons-util-1.32.0-SNAPSHOT.jar;c:\Users\HP\.vscode\extensions\pivotal.vscode-spring-boot-1.32.0\language-server\BOOT-INF\lib\commons-yaml-1.32.0-SNAPSHOT.jar;c:\Users\HP\.vscode\extensions\pivotal.vscode-spring-boot-1.32.0\language-server\BOOT-INF\lib\gson-2.8.6.jar;c:\Users\HP\.vscode\extensions\pivotal.vscode-spring-boot-1.32.0\language-server\BOOT-INF\lib\guava-19.0.jar;c:\Users\HP\.vscode\extensions\pivotal.vscode-spring-boot-1.32.0\language-server\BOOT-INF\lib\jakarta.annotation-api-1.3.5.jar;c:\Users\HP\.vscode\extensions\pivotal.vscode-spring-boot-1.32.0\language-server\BOOT-INF\lib\jandex-2.0.5.Final.jar;c:\Users\HP\.vscode\extensions\pivotal.vscode-spring-boot-1.32.0\language-server\BOOT-INF\lib\java-properties-1.32.0-SNAPSHOT.jar;c:\Users\HP\.vscode\extensions\pivotal.vsc
Launcher Type: SUN_STANDARD

[Global flags]
     intx CICompilerCount                          = 4                                         {product} {ergonomic}
     uint ConcGCThreads                            = 3                                         {product} {ergonomic}
     uint G1ConcRefinementThreads                  = 10                                        {product} {ergonomic}
   size_t G1HeapRegionSize                         = 2097152                                   {product} {ergonomic}
    uintx GCDrainStackTargetSize                   = 64                                        {product} {ergonomic}
   size_t InitialHeapSize                          = 266338304                                 {product} {ergonomic}
   size_t MarkStackSize                            = 4194304                                   {product} {ergonomic}
   size_t MaxHeapSize                              = 4255121408                                {product} {ergonomic}
   size_t MaxNewSize                               = 2552233984                                {product} {ergonomic}
   size_t MinHeapDeltaBytes                        = 2097152                                   {product} {ergonomic}
   size_t MinHeapSize                              = 8388608                                   {product} {ergonomic}
    uintx NonProfiledCodeHeapSize                  = 0                                      {pd product} {ergonomic}
     bool ProfileInterpreter                       = false                                  {pd product} {command line}
    uintx ProfiledCodeHeapSize                     = 0                                      {pd product} {ergonomic}
   size_t SoftMaxHeapSize                          = 4255121408                             {manageable} {ergonomic}
     intx TieredStopAtLevel                        = 1                                         {product} {command line}
     bool UseCompressedClassPointers               = true                           {product lp64_product} {ergonomic}
     bool UseCompressedOops                        = true                           {product lp64_product} {ergonomic}
     bool UseG1GC                                  = true                                      {product} {ergonomic}
     bool UseLargePagesIndividualAllocation        = false                                  {pd product} {ergonomic}

Logging:
Log output configuration:
 #0: stdout all=warning uptime,level,tags
 #1: stderr all=off uptime,level,tags

Environment Variables:
JAVA_HOME=C:\Program Files\OpenJDK\openjdk-8u312-b07
PATH=C:\Program Files\Common Files\Oracle\Java\javapath;C:\Program Files (x86)\Common Files\Oracle\Java\javapath;C:\ProgramData\Oracle\Java\javapath;C:\Program Files\AdoptOpenJDK\jdk-8.0.265.01-hotspot\bin;C:\Program Files (x86)\Common Files\Intel\Shared Libraries\redist\intel64\compiler;C:\windows\system32;C:\windows;C:\windows\System32\Wbem;C:\windows\System32\WindowsPowerShell\v1.0\;C:\windows\System32\OpenSSH\;C:\Program Files (x86)\NVIDIA Corporation\PhysX\Common;C:\Program Files\NVIDIA Corporation\NVIDIA NvDLISR;C:\WINDOWS\system32;C:\WINDOWS;C:\WINDOWS\System32\Wbem;C:\WINDOWS\System32\WindowsPowerShell\v1.0\;C:\WINDOWS\System32\OpenSSH\;D:\Software\Flutter\bin;C:\ProgramData\chocolatey\bin;C:\Program Files\Java\jdk-16.0.2\bin;C:\Program Files\nodejs\;C:\Program Files\OpenJDK\openjdk-8u312-b07\bin;C:\Users\HP\AppData\Local\Android\Sdk\platforms;C:\Program Files\dotnet\;C:\Program Files\Git\cmd;C:\dart-sdk\bin;D:\Software\ngrok;D:\Software\ngrok;C:\Users\HP\AppData\Local\Microsoft\WindowsApps;D:\Software\Flutter\bin;C:\Users\HP\AppData\Local\Programs\Microsoft VS Code\bin;C:\Users\HP\AppData\Roaming\npm;C:\Users\HP\.dotnet\tools;C:\dart-sdk\bin;
USERNAME=HP
OS=Windows_NT
PROCESSOR_IDENTIFIER=Intel64 Family 6 Model 158 Stepping 10, GenuineIntel



---------------  S Y S T E M  ---------------

OS:
 Windows 11 , 64 bit Build 22000 (10.0.22000.434)
OS uptime: 0 days 4:55 hours

CPU: total 12 (initial active 12) (6 cores per cpu, 2 threads per core) family 6 model 158 stepping 10 microcode 0xde, cx8, cmov, fxsr, ht, mmx, 3dnowpref, sse, sse2, sse3, ssse3, sse4.1, sse4.2, popcnt, lzcnt, tsc, tscinvbit, avx, avx2, aes, erms, clmul, bmi1, bmi2, adx, fma, vzeroupper, clflush, clflushopt

Memory: 4k page, system-wide physical 16224M (1990M free)
TotalPageFile size 19876M (AvailPageFile size 2M)
current process WorkingSet (physical memory assigned to process): 88M, peak: 88M
current process commit charge ("private bytes"): 360M, peak: 361M

vm_info: OpenJDK 64-Bit Server VM (17.0.2+8) for windows-amd64 JRE (17.0.2+8), built on Jan 20 2022 04:52:34 by "" with MS VC++ 16.7 (VS2019)

END.
