#
# There is insufficient memory for the Java Runtime Environment to continue.
# Native memory allocation (mmap) failed to map 65536 bytes for Failed to commit metaspace.
# Possible reasons:
#   The system is out of physical RAM or swap space
#   The process is running with CompressedOops enabled, and the Java Heap may be blocking the growth of the native heap
# Possible solutions:
#   Reduce memory load on the system
#   Increase physical memory or swap space
#   Check if swap backing store is full
#   Decrease Java heap size (-Xmx/-Xms)
#   Decrease number of Java threads
#   Decrease Java thread stack sizes (-Xss)
#   Set larger code cache with -XX:ReservedCodeCacheSize=
#   JVM is running with Zero Based Compressed Oops mode in which the Java heap is
#     placed in the first 32GB address space. The Java Heap base address is the
#     maximum limit for the native heap growth. Please use -XX:HeapBaseMinAddress
#     to set the Java Heap base and to place the Java Heap above 32GB virtual address.
# This output file may be truncated or incomplete.
#
#  Out of Memory Error (virtualSpaceNode.cpp:110), pid=12992, tid=19452
#
# JRE version: OpenJDK Runtime Environment Temurin-17.0.2+8 (17.0.2+8) (build 17.0.2+8)
# Java VM: OpenJDK 64-Bit Server VM Temurin-17.0.2+8 (17.0.2+8, mixed mode, emulated-client, tiered, compressed oops, compressed class ptrs, g1 gc, windows-amd64)
# No core dump will be written. Minidumps are not enabled by default on client versions of Windows
#

---------------  S U M M A R Y ------------

Command Line: -Dsts.lsp.client=vscode -Dsts.log.file=/dev/null -XX:TieredStopAtLevel=1 -Dspring.config.location=file:c:\Users\HP\.vscode\extensions\pivotal.vscode-spring-boot-1.32.0\language-server\BOOT-INF\classes\application.properties org.springframework.ide.vscode.boot.app.BootLanguageServerBootApp

Host: Intel(R) Core(TM) i7-9750H CPU @ 2.60GHz, 12 cores, 15G,  Windows 11 , 64 bit Build 22000 (10.0.22000.434)
Time: Sun Mar 13 14:05:23 2022 SE Asia Standard Time elapsed time: 0.511815 seconds (0d 0h 0m 0s)

---------------  T H R E A D  ---------------

Current thread (0x000001405813a740):  JavaThread "main" [_thread_in_vm, id=19452, stack(0x0000000727b00000,0x0000000727c00000)]

Stack: [0x0000000727b00000,0x0000000727c00000]
Native frames: (J=compiled Java code, j=interpreted, Vv=VM code, C=native code)
V  [jvm.dll+0x67564a]
V  [jvm.dll+0x82fc04]
V  [jvm.dll+0x8313ae]
V  [jvm.dll+0x831a13]
V  [jvm.dll+0x245235]
V  [jvm.dll+0x82bbab]
V  [jvm.dll+0x61a336]
V  [jvm.dll+0x61a39a]
V  [jvm.dll+0x61cbba]
V  [jvm.dll+0x61acd6]
V  [jvm.dll+0x23ac77]
V  [jvm.dll+0x1e5b13]
V  [jvm.dll+0x1ea8b6]
V  [jvm.dll+0x1e02c1]
V  [jvm.dll+0x53b6e0]
V  [jvm.dll+0x1f0ab7]
V  [jvm.dll+0x7aa1bb]
V  [jvm.dll+0x7ab562]
V  [jvm.dll+0x7abcf9]
V  [jvm.dll+0x1e8656]
V  [jvm.dll+0x1ead5b]
V  [jvm.dll+0x1e02c1]
V  [jvm.dll+0x53b6e0]
V  [jvm.dll+0x1f0ab7]
V  [jvm.dll+0x7aa1bb]
V  [jvm.dll+0x7ab562]
V  [jvm.dll+0x7abcf9]
V  [jvm.dll+0x1eb0d4]
V  [jvm.dll+0x1e02da]
V  [jvm.dll+0x53b6e0]
V  [jvm.dll+0x1f0ab7]
V  [jvm.dll+0x7aa1bb]
V  [jvm.dll+0x7ab562]
V  [jvm.dll+0x7ab898]
V  [jvm.dll+0x23d51e]
V  [jvm.dll+0x37e8ce]
C  0x000001405c5c9aa4

Java frames: (J=compiled Java code, j=interpreted, Vv=VM code)
j  java.util.stream.StreamSupport.stream(Ljava/util/Spliterator;Z)Ljava/util/stream/Stream;+5 java.base@17.0.2
j  java.util.Collection.stream()Ljava/util/stream/Stream;+7 java.base@17.0.2
j  java.lang.ModuleLayer.layers(Ljava/lang/ClassLoader;)Ljava/util/stream/Stream;+16 java.base@17.0.2
j  java.lang.System$2.layers(Ljava/lang/ClassLoader;)Ljava/util/stream/Stream;+1 java.base@17.0.2
j  java.util.ServiceLoader$ModuleServicesLookupIterator.iteratorFor(Ljava/lang/ClassLoader;)Ljava/util/Iterator;+75 java.base@17.0.2
j  java.util.ServiceLoader$ModuleServicesLookupIterator.<init>(Ljava/util/ServiceLoader;)V+23 java.base@17.0.2
j  java.util.ServiceLoader.newLookupIterator()Ljava/util/Iterator;+49 java.base@17.0.2
j  java.util.ServiceLoader.iterator()Ljava/util/Iterator;+9 java.base@17.0.2
j  javax.xml.parsers.FactoryFinder$1.run()Ljava/lang/Object;+9 java.xml@17.0.2
j  java.security.AccessController.executePrivileged(Ljava/security/PrivilegedAction;Ljava/security/AccessControlContext;Ljava/lang/Class;)Ljava/lang/Object;+29 java.base@17.0.2
j  java.security.AccessController.doPrivileged(Ljava/security/PrivilegedAction;)Ljava/lang/Object;+5 java.base@17.0.2
j  javax.xml.parsers.FactoryFinder.findServiceProvider(Ljava/lang/Class;)Ljava/lang/Object;+8 java.xml@17.0.2
j  javax.xml.parsers.FactoryFinder.find(Ljava/lang/Class;Ljava/lang/String;)Ljava/lang/Object;+190 java.xml@17.0.2
j  javax.xml.parsers.SAXParserFactory.newInstance()Ljavax/xml/parsers/SAXParserFactory;+4 java.xml@17.0.2
j  ch.qos.logback.core.joran.event.SaxEventRecorder.buildSaxParser()Ljavax/xml/parsers/SAXParser;+0
j  ch.qos.logback.core.joran.event.SaxEventRecorder.recordEvents(Lorg/xml/sax/InputSource;)Ljava/util/List;+1
j  ch.qos.logback.core.joran.GenericConfigurator.doConfigure(Lorg/xml/sax/InputSource;)V+20
j  ch.qos.logback.core.joran.GenericConfigurator.doConfigure(Ljava/io/InputStream;Ljava/lang/String;)V+16
j  ch.qos.logback.core.joran.GenericConfigurator.doConfigure(Ljava/net/URL;)V+31
j  ch.qos.logback.classic.util.ContextInitializer.configureByResource(Ljava/net/URL;)V+103
j  ch.qos.logback.classic.util.ContextInitializer.autoConfig()V+19
j  org.slf4j.impl.StaticLoggerBinder.init()V+11
j  org.slf4j.impl.StaticLoggerBinder.<clinit>()V+28
v  ~StubRoutines::call_stub
j  org.slf4j.LoggerFactory.bind()V+16
j  org.slf4j.LoggerFactory.performInitialization()V+0
j  org.slf4j.LoggerFactory.getILoggerFactory()Lorg/slf4j/ILoggerFactory;+22
j  org.slf4j.LoggerFactory.getLogger(Ljava/lang/String;)Lorg/slf4j/Logger;+0
j  reactor.util.Loggers$Slf4JLoggerFactory.getLogger(Ljava/lang/String;)Lreactor/util/Logger;+5
j  reactor.util.Loggers.useSl4jLoggers()V+17
j  reactor.util.Loggers.resetLoggerFactory()V+0
j  reactor.util.Loggers.<clinit>()V+0
v  ~StubRoutines::call_stub
j  reactor.core.publisher.Hooks.<clinit>()V+2
v  ~StubRoutines::call_stub
j  org.springframework.ide.vscode.boot.app.BootLanguageServerBootApp.main([Ljava/lang/String;)V+0
v  ~StubRoutines::call_stub

---------------  P R O C E S S  ---------------

Threads class SMR info:
_java_thread_list=0x000001406d1825b0, length=13, elements={
0x000001405813a740, 0x000001406d01b030, 0x000001406d01c450, 0x000001406d05d130,
0x000001406d05fcc0, 0x000001406d061680, 0x000001406d062030, 0x000001406d063200,
0x000001406d0670f0, 0x000001406d1a4f00, 0x000001406d1a7420, 0x000001406d1bb990,
0x000001406d1c5e80
}

Java Threads: ( => current thread )
=>0x000001405813a740 JavaThread "main" [_thread_in_vm, id=19452, stack(0x0000000727b00000,0x0000000727c00000)]
  0x000001406d01b030 JavaThread "Reference Handler" daemon [_thread_blocked, id=23140, stack(0x0000000728200000,0x0000000728300000)]
  0x000001406d01c450 JavaThread "Finalizer" daemon [_thread_blocked, id=7892, stack(0x0000000728300000,0x0000000728400000)]
  0x000001406d05d130 JavaThread "Signal Dispatcher" daemon [_thread_blocked, id=21924, stack(0x0000000728400000,0x0000000728500000)]
  0x000001406d05fcc0 JavaThread "Attach Listener" daemon [_thread_blocked, id=7060, stack(0x0000000728500000,0x0000000728600000)]
  0x000001406d061680 JavaThread "Service Thread" daemon [_thread_blocked, id=23656, stack(0x0000000728600000,0x0000000728700000)]
  0x000001406d062030 JavaThread "Monitor Deflation Thread" daemon [_thread_blocked, id=19440, stack(0x0000000728700000,0x0000000728800000)]
  0x000001406d063200 JavaThread "C1 CompilerThread0" daemon [_thread_blocked, id=19876, stack(0x0000000728800000,0x0000000728900000)]
  0x000001406d0670f0 JavaThread "Sweeper thread" daemon [_thread_blocked, id=13688, stack(0x0000000728900000,0x0000000728a00000)]
  0x000001406d1a4f00 JavaThread "C1 CompilerThread1" daemon [_thread_blocked, id=24004, stack(0x0000000728a00000,0x0000000728b00000)]
  0x000001406d1a7420 JavaThread "C1 CompilerThread2" daemon [_thread_blocked, id=22664, stack(0x0000000728b00000,0x0000000728c00000)]
  0x000001406d1bb990 JavaThread "Notification Thread" daemon [_thread_blocked, id=15380, stack(0x0000000728c00000,0x0000000728d00000)]
  0x000001406d1c5e80 JavaThread "Common-Cleaner" daemon [_thread_blocked, id=17108, stack(0x0000000728e00000,0x0000000728f00000)]

Other Threads:
  0x000001406d004f20 VMThread "VM Thread" [stack: 0x0000000728100000,0x0000000728200000] [id=23928]
  0x00000140581a4d10 WatcherThread [stack: 0x0000000728d00000,0x0000000728e00000] [id=23844]
  0x000001405818b160 GCTaskThread "GC Thread#0" [stack: 0x0000000727c00000,0x0000000727d00000] [id=9528]
  0x000001405819be30 ConcurrentGCThread "G1 Main Marker" [stack: 0x0000000727d00000,0x0000000727e00000] [id=22720]
  0x000001405819d850 ConcurrentGCThread "G1 Conc#0" [stack: 0x0000000727e00000,0x0000000727f00000] [id=17460]
  0x000001405820e130 ConcurrentGCThread "G1 Refine#0" [stack: 0x0000000727f00000,0x0000000728000000] [id=4848]
  0x000001405820eb50 ConcurrentGCThread "G1 Service" [stack: 0x0000000728000000,0x0000000728100000] [id=19208]

Threads with active compile tasks:

VM state: not at safepoint (normal execution)

VM Mutex/Monitor currently owned by a thread:  ([mutex/lock_event])
[0x0000014057f7cc80] Metaspace_lock - owner thread: 0x000001405813a740

Heap address: 0x00000004d6e00000, size: 4058 MB, Compressed Oops mode: Zero based, Oop shift amount: 3

CDS archive(s) not mapped
Compressed class space mapped at: 0x00000005d4800000-0x0000000614800000, reserved size: 1073741824
Narrow klass base: 0x0000000000000000, Narrow klass shift: 3, Narrow klass range: 0x614800000

GC Precious Log:
 CPUs: 12 total, 12 available
 Memory: 16224M
 Large Page Support: Disabled
 NUMA Support: Disabled
 Compressed Oops: Enabled (Zero based)
 Heap Region Size: 2M
 Heap Min Capacity: 8M
 Heap Initial Capacity: 254M
 Heap Max Capacity: 4058M
 Pre-touch: Disabled
 Parallel Workers: 10
 Concurrent Workers: 3
 Concurrent Refinement Workers: 10
 Periodic GC: Disabled

Heap:
 garbage-first heap   total 260096K, used 6144K [0x00000004d6e00000, 0x00000005d4800000)
  region size 2048K, 5 young (10240K), 0 survivors (0K)
 Metaspace       used 6518K, committed 6592K, reserved 1056768K
  class space    used 669K, committed 704K, reserved 1048576K

Heap Regions: E=young(eden), S=young(survivor), O=old, HS=humongous(starts), HC=humongous(continues), CS=collection set, F=free, OA=open archive, CA=closed archive, TAMS=top-at-mark-start (previous, next)
|   0|0x00000004d6e00000, 0x00000004d6e00000, 0x00000004d7000000|  0%| F|  |TAMS 0x00000004d6e00000, 0x00000004d6e00000| Untracked 
|   1|0x00000004d7000000, 0x00000004d7000000, 0x00000004d7200000|  0%| F|  |TAMS 0x00000004d7000000, 0x00000004d7000000| Untracked 
|   2|0x00000004d7200000, 0x00000004d7200000, 0x00000004d7400000|  0%| F|  |TAMS 0x00000004d7200000, 0x00000004d7200000| Untracked 
|   3|0x00000004d7400000, 0x00000004d7400000, 0x00000004d7600000|  0%| F|  |TAMS 0x00000004d7400000, 0x00000004d7400000| Untracked 
|   4|0x00000004d7600000, 0x00000004d7600000, 0x00000004d7800000|  0%| F|  |TAMS 0x00000004d7600000, 0x00000004d7600000| Untracked 
|   5|0x00000004d7800000, 0x00000004d7800000, 0x00000004d7a00000|  0%| F|  |TAMS 0x00000004d7800000, 0x00000004d7800000| Untracked 
|   6|0x00000004d7a00000, 0x00000004d7a00000, 0x00000004d7c00000|  0%| F|  |TAMS 0x00000004d7a00000, 0x00000004d7a00000| Untracked 
|   7|0x00000004d7c00000, 0x00000004d7c00000, 0x00000004d7e00000|  0%| F|  |TAMS 0x00000004d7c00000, 0x00000004d7c00000| Untracked 
|   8|0x00000004d7e00000, 0x00000004d7e00000, 0x00000004d8000000|  0%| F|  |TAMS 0x00000004d7e00000, 0x00000004d7e00000| Untracked 
|   9|0x00000004d8000000, 0x00000004d8000000, 0x00000004d8200000|  0%| F|  |TAMS 0x00000004d8000000, 0x00000004d8000000| Untracked 
|  10|0x00000004d8200000, 0x00000004d8200000, 0x00000004d8400000|  0%| F|  |TAMS 0x00000004d8200000, 0x00000004d8200000| Untracked 
|  11|0x00000004d8400000, 0x00000004d8400000, 0x00000004d8600000|  0%| F|  |TAMS 0x00000004d8400000, 0x00000004d8400000| Untracked 
|  12|0x00000004d8600000, 0x00000004d8600000, 0x00000004d8800000|  0%| F|  |TAMS 0x00000004d8600000, 0x00000004d8600000| Untracked 
|  13|0x00000004d8800000, 0x00000004d8800000, 0x00000004d8a00000|  0%| F|  |TAMS 0x00000004d8800000, 0x00000004d8800000| Untracked 
|  14|0x00000004d8a00000, 0x00000004d8a00000, 0x00000004d8c00000|  0%| F|  |TAMS 0x00000004d8a00000, 0x00000004d8a00000| Untracked 
|  15|0x00000004d8c00000, 0x00000004d8c00000, 0x00000004d8e00000|  0%| F|  |TAMS 0x00000004d8c00000, 0x00000004d8c00000| Untracked 
|  16|0x00000004d8e00000, 0x00000004d8e00000, 0x00000004d9000000|  0%| F|  |TAMS 0x00000004d8e00000, 0x00000004d8e00000| Untracked 
|  17|0x00000004d9000000, 0x00000004d9000000, 0x00000004d9200000|  0%| F|  |TAMS 0x00000004d9000000, 0x00000004d9000000| Untracked 
|  18|0x00000004d9200000, 0x00000004d9200000, 0x00000004d9400000|  0%| F|  |TAMS 0x00000004d9200000, 0x00000004d9200000| Untracked 
|  19|0x00000004d9400000, 0x00000004d9400000, 0x00000004d9600000|  0%| F|  |TAMS 0x00000004d9400000, 0x00000004d9400000| Untracked 
|  20|0x00000004d9600000, 0x00000004d9600000, 0x00000004d9800000|  0%| F|  |TAMS 0x00000004d9600000, 0x00000004d9600000| Untracked 
|  21|0x00000004d9800000, 0x00000004d9800000, 0x00000004d9a00000|  0%| F|  |TAMS 0x00000004d9800000, 0x00000004d9800000| Untracked 
|  22|0x00000004d9a00000, 0x00000004d9a00000, 0x00000004d9c00000|  0%| F|  |TAMS 0x00000004d9a00000, 0x00000004d9a00000| Untracked 
|  23|0x00000004d9c00000, 0x00000004d9c00000, 0x00000004d9e00000|  0%| F|  |TAMS 0x00000004d9c00000, 0x00000004d9c00000| Untracked 
|  24|0x00000004d9e00000, 0x00000004d9e00000, 0x00000004da000000|  0%| F|  |TAMS 0x00000004d9e00000, 0x00000004d9e00000| Untracked 
|  25|0x00000004da000000, 0x00000004da000000, 0x00000004da200000|  0%| F|  |TAMS 0x00000004da000000, 0x00000004da000000| Untracked 
|  26|0x00000004da200000, 0x00000004da200000, 0x00000004da400000|  0%| F|  |TAMS 0x00000004da200000, 0x00000004da200000| Untracked 
|  27|0x00000004da400000, 0x00000004da400000, 0x00000004da600000|  0%| F|  |TAMS 0x00000004da400000, 0x00000004da400000| Untracked 
|  28|0x00000004da600000, 0x00000004da600000, 0x00000004da800000|  0%| F|  |TAMS 0x00000004da600000, 0x00000004da600000| Untracked 
|  29|0x00000004da800000, 0x00000004da800000, 0x00000004daa00000|  0%| F|  |TAMS 0x00000004da800000, 0x00000004da800000| Untracked 
|  30|0x00000004daa00000, 0x00000004daa00000, 0x00000004dac00000|  0%| F|  |TAMS 0x00000004daa00000, 0x00000004daa00000| Untracked 
|  31|0x00000004dac00000, 0x00000004dac00000, 0x00000004dae00000|  0%| F|  |TAMS 0x00000004dac00000, 0x00000004dac00000| Untracked 
|  32|0x00000004dae00000, 0x00000004dae00000, 0x00000004db000000|  0%| F|  |TAMS 0x00000004dae00000, 0x00000004dae00000| Untracked 
|  33|0x00000004db000000, 0x00000004db000000, 0x00000004db200000|  0%| F|  |TAMS 0x00000004db000000, 0x00000004db000000| Untracked 
|  34|0x00000004db200000, 0x00000004db200000, 0x00000004db400000|  0%| F|  |TAMS 0x00000004db200000, 0x00000004db200000| Untracked 
|  35|0x00000004db400000, 0x00000004db400000, 0x00000004db600000|  0%| F|  |TAMS 0x00000004db400000, 0x00000004db400000| Untracked 
|  36|0x00000004db600000, 0x00000004db600000, 0x00000004db800000|  0%| F|  |TAMS 0x00000004db600000, 0x00000004db600000| Untracked 
|  37|0x00000004db800000, 0x00000004db800000, 0x00000004dba00000|  0%| F|  |TAMS 0x00000004db800000, 0x00000004db800000| Untracked 
|  38|0x00000004dba00000, 0x00000004dba00000, 0x00000004dbc00000|  0%| F|  |TAMS 0x00000004dba00000, 0x00000004dba00000| Untracked 
|  39|0x00000004dbc00000, 0x00000004dbc00000, 0x00000004dbe00000|  0%| F|  |TAMS 0x00000004dbc00000, 0x00000004dbc00000| Untracked 
|  40|0x00000004dbe00000, 0x00000004dbe00000, 0x00000004dc000000|  0%| F|  |TAMS 0x00000004dbe00000, 0x00000004dbe00000| Untracked 
|  41|0x00000004dc000000, 0x00000004dc000000, 0x00000004dc200000|  0%| F|  |TAMS 0x00000004dc000000, 0x00000004dc000000| Untracked 
|  42|0x00000004dc200000, 0x00000004dc200000, 0x00000004dc400000|  0%| F|  |TAMS 0x00000004dc200000, 0x00000004dc200000| Untracked 
|  43|0x00000004dc400000, 0x00000004dc400000, 0x00000004dc600000|  0%| F|  |TAMS 0x00000004dc400000, 0x00000004dc400000| Untracked 
|  44|0x00000004dc600000, 0x00000004dc600000, 0x00000004dc800000|  0%| F|  |TAMS 0x00000004dc600000, 0x00000004dc600000| Untracked 
|  45|0x00000004dc800000, 0x00000004dc800000, 0x00000004dca00000|  0%| F|  |TAMS 0x00000004dc800000, 0x00000004dc800000| Untracked 
|  46|0x00000004dca00000, 0x00000004dca00000, 0x00000004dcc00000|  0%| F|  |TAMS 0x00000004dca00000, 0x00000004dca00000| Untracked 
|  47|0x00000004dcc00000, 0x00000004dcc00000, 0x00000004dce00000|  0%| F|  |TAMS 0x00000004dcc00000, 0x00000004dcc00000| Untracked 
|  48|0x00000004dce00000, 0x00000004dce00000, 0x00000004dd000000|  0%| F|  |TAMS 0x00000004dce00000, 0x00000004dce00000| Untracked 
|  49|0x00000004dd000000, 0x00000004dd000000, 0x00000004dd200000|  0%| F|  |TAMS 0x00000004dd000000, 0x00000004dd000000| Untracked 
|  50|0x00000004dd200000, 0x00000004dd200000, 0x00000004dd400000|  0%| F|  |TAMS 0x00000004dd200000, 0x00000004dd200000| Untracked 
|  51|0x00000004dd400000, 0x00000004dd400000, 0x00000004dd600000|  0%| F|  |TAMS 0x00000004dd400000, 0x00000004dd400000| Untracked 
|  52|0x00000004dd600000, 0x00000004dd600000, 0x00000004dd800000|  0%| F|  |TAMS 0x00000004dd600000, 0x00000004dd600000| Untracked 
|  53|0x00000004dd800000, 0x00000004dd800000, 0x00000004dda00000|  0%| F|  |TAMS 0x00000004dd800000, 0x00000004dd800000| Untracked 
|  54|0x00000004dda00000, 0x00000004dda00000, 0x00000004ddc00000|  0%| F|  |TAMS 0x00000004dda00000, 0x00000004dda00000| Untracked 
|  55|0x00000004ddc00000, 0x00000004ddc00000, 0x00000004dde00000|  0%| F|  |TAMS 0x00000004ddc00000, 0x00000004ddc00000| Untracked 
|  56|0x00000004dde00000, 0x00000004dde00000, 0x00000004de000000|  0%| F|  |TAMS 0x00000004dde00000, 0x00000004dde00000| Untracked 
|  57|0x00000004de000000, 0x00000004de000000, 0x00000004de200000|  0%| F|  |TAMS 0x00000004de000000, 0x00000004de000000| Untracked 
|  58|0x00000004de200000, 0x00000004de200000, 0x00000004de400000|  0%| F|  |TAMS 0x00000004de200000, 0x00000004de200000| Untracked 
|  59|0x00000004de400000, 0x00000004de400000, 0x00000004de600000|  0%| F|  |TAMS 0x00000004de400000, 0x00000004de400000| Untracked 
|  60|0x00000004de600000, 0x00000004de600000, 0x00000004de800000|  0%| F|  |TAMS 0x00000004de600000, 0x00000004de600000| Untracked 
|  61|0x00000004de800000, 0x00000004de800000, 0x00000004dea00000|  0%| F|  |TAMS 0x00000004de800000, 0x00000004de800000| Untracked 
|  62|0x00000004dea00000, 0x00000004dea00000, 0x00000004dec00000|  0%| F|  |TAMS 0x00000004dea00000, 0x00000004dea00000| Untracked 
|  63|0x00000004dec00000, 0x00000004dec00000, 0x00000004dee00000|  0%| F|  |TAMS 0x00000004dec00000, 0x00000004dec00000| Untracked 
|  64|0x00000004dee00000, 0x00000004dee00000, 0x00000004df000000|  0%| F|  |TAMS 0x00000004dee00000, 0x00000004dee00000| Untracked 
|  65|0x00000004df000000, 0x00000004df000000, 0x00000004df200000|  0%| F|  |TAMS 0x00000004df000000, 0x00000004df000000| Untracked 
|  66|0x00000004df200000, 0x00000004df200000, 0x00000004df400000|  0%| F|  |TAMS 0x00000004df200000, 0x00000004df200000| Untracked 
|  67|0x00000004df400000, 0x00000004df400000, 0x00000004df600000|  0%| F|  |TAMS 0x00000004df400000, 0x00000004df400000| Untracked 
|  68|0x00000004df600000, 0x00000004df600000, 0x00000004df800000|  0%| F|  |TAMS 0x00000004df600000, 0x00000004df600000| Untracked 
|  69|0x00000004df800000, 0x00000004df800000, 0x00000004dfa00000|  0%| F|  |TAMS 0x00000004df800000, 0x00000004df800000| Untracked 
|  70|0x00000004dfa00000, 0x00000004dfa00000, 0x00000004dfc00000|  0%| F|  |TAMS 0x00000004dfa00000, 0x00000004dfa00000| Untracked 
|  71|0x00000004dfc00000, 0x00000004dfc00000, 0x00000004dfe00000|  0%| F|  |TAMS 0x00000004dfc00000, 0x00000004dfc00000| Untracked 
|  72|0x00000004dfe00000, 0x00000004dfe00000, 0x00000004e0000000|  0%| F|  |TAMS 0x00000004dfe00000, 0x00000004dfe00000| Untracked 
|  73|0x00000004e0000000, 0x00000004e0000000, 0x00000004e0200000|  0%| F|  |TAMS 0x00000004e0000000, 0x00000004e0000000| Untracked 
|  74|0x00000004e0200000, 0x00000004e0200000, 0x00000004e0400000|  0%| F|  |TAMS 0x00000004e0200000, 0x00000004e0200000| Untracked 
|  75|0x00000004e0400000, 0x00000004e0400000, 0x00000004e0600000|  0%| F|  |TAMS 0x00000004e0400000, 0x00000004e0400000| Untracked 
|  76|0x00000004e0600000, 0x00000004e0600000, 0x00000004e0800000|  0%| F|  |TAMS 0x00000004e0600000, 0x00000004e0600000| Untracked 
|  77|0x00000004e0800000, 0x00000004e0800000, 0x00000004e0a00000|  0%| F|  |TAMS 0x00000004e0800000, 0x00000004e0800000| Untracked 
|  78|0x00000004e0a00000, 0x00000004e0a00000, 0x00000004e0c00000|  0%| F|  |TAMS 0x00000004e0a00000, 0x00000004e0a00000| Untracked 
|  79|0x00000004e0c00000, 0x00000004e0c00000, 0x00000004e0e00000|  0%| F|  |TAMS 0x00000004e0c00000, 0x00000004e0c00000| Untracked 
|  80|0x00000004e0e00000, 0x00000004e0e00000, 0x00000004e1000000|  0%| F|  |TAMS 0x00000004e0e00000, 0x00000004e0e00000| Untracked 
|  81|0x00000004e1000000, 0x00000004e1000000, 0x00000004e1200000|  0%| F|  |TAMS 0x00000004e1000000, 0x00000004e1000000| Untracked 
|  82|0x00000004e1200000, 0x00000004e1200000, 0x00000004e1400000|  0%| F|  |TAMS 0x00000004e1200000, 0x00000004e1200000| Untracked 
|  83|0x00000004e1400000, 0x00000004e1400000, 0x00000004e1600000|  0%| F|  |TAMS 0x00000004e1400000, 0x00000004e1400000| Untracked 
|  84|0x00000004e1600000, 0x00000004e1600000, 0x00000004e1800000|  0%| F|  |TAMS 0x00000004e1600000, 0x00000004e1600000| Untracked 
|  85|0x00000004e1800000, 0x00000004e1800000, 0x00000004e1a00000|  0%| F|  |TAMS 0x00000004e1800000, 0x00000004e1800000| Untracked 
|  86|0x00000004e1a00000, 0x00000004e1a00000, 0x00000004e1c00000|  0%| F|  |TAMS 0x00000004e1a00000, 0x00000004e1a00000| Untracked 
|  87|0x00000004e1c00000, 0x00000004e1c00000, 0x00000004e1e00000|  0%| F|  |TAMS 0x00000004e1c00000, 0x00000004e1c00000| Untracked 
|  88|0x00000004e1e00000, 0x00000004e1e00000, 0x00000004e2000000|  0%| F|  |TAMS 0x00000004e1e00000, 0x00000004e1e00000| Untracked 
|  89|0x00000004e2000000, 0x00000004e2000000, 0x00000004e2200000|  0%| F|  |TAMS 0x00000004e2000000, 0x00000004e2000000| Untracked 
|  90|0x00000004e2200000, 0x00000004e2200000, 0x00000004e2400000|  0%| F|  |TAMS 0x00000004e2200000, 0x00000004e2200000| Untracked 
|  91|0x00000004e2400000, 0x00000004e2400000, 0x00000004e2600000|  0%| F|  |TAMS 0x00000004e2400000, 0x00000004e2400000| Untracked 
|  92|0x00000004e2600000, 0x00000004e2600000, 0x00000004e2800000|  0%| F|  |TAMS 0x00000004e2600000, 0x00000004e2600000| Untracked 
|  93|0x00000004e2800000, 0x00000004e2800000, 0x00000004e2a00000|  0%| F|  |TAMS 0x00000004e2800000, 0x00000004e2800000| Untracked 
|  94|0x00000004e2a00000, 0x00000004e2a00000, 0x00000004e2c00000|  0%| F|  |TAMS 0x00000004e2a00000, 0x00000004e2a00000| Untracked 
|  95|0x00000004e2c00000, 0x00000004e2c00000, 0x00000004e2e00000|  0%| F|  |TAMS 0x00000004e2c00000, 0x00000004e2c00000| Untracked 
|  96|0x00000004e2e00000, 0x00000004e2e00000, 0x00000004e3000000|  0%| F|  |TAMS 0x00000004e2e00000, 0x00000004e2e00000| Untracked 
|  97|0x00000004e3000000, 0x00000004e3000000, 0x00000004e3200000|  0%| F|  |TAMS 0x00000004e3000000, 0x00000004e3000000| Untracked 
|  98|0x00000004e3200000, 0x00000004e3200000, 0x00000004e3400000|  0%| F|  |TAMS 0x00000004e3200000, 0x00000004e3200000| Untracked 
|  99|0x00000004e3400000, 0x00000004e3400000, 0x00000004e3600000|  0%| F|  |TAMS 0x00000004e3400000, 0x00000004e3400000| Untracked 
| 100|0x00000004e3600000, 0x00000004e3600000, 0x00000004e3800000|  0%| F|  |TAMS 0x00000004e3600000, 0x00000004e3600000| Untracked 
| 101|0x00000004e3800000, 0x00000004e3800000, 0x00000004e3a00000|  0%| F|  |TAMS 0x00000004e3800000, 0x00000004e3800000| Untracked 
| 102|0x00000004e3a00000, 0x00000004e3a00000, 0x00000004e3c00000|  0%| F|  |TAMS 0x00000004e3a00000, 0x00000004e3a00000| Untracked 
| 103|0x00000004e3c00000, 0x00000004e3c00000, 0x00000004e3e00000|  0%| F|  |TAMS 0x00000004e3c00000, 0x00000004e3c00000| Untracked 
| 104|0x00000004e3e00000, 0x00000004e3e00000, 0x00000004e4000000|  0%| F|  |TAMS 0x00000004e3e00000, 0x00000004e3e00000| Untracked 
| 105|0x00000004e4000000, 0x00000004e4000000, 0x00000004e4200000|  0%| F|  |TAMS 0x00000004e4000000, 0x00000004e4000000| Untracked 
| 106|0x00000004e4200000, 0x00000004e4200000, 0x00000004e4400000|  0%| F|  |TAMS 0x00000004e4200000, 0x00000004e4200000| Untracked 
| 107|0x00000004e4400000, 0x00000004e4400000, 0x00000004e4600000|  0%| F|  |TAMS 0x00000004e4400000, 0x00000004e4400000| Untracked 
| 108|0x00000004e4600000, 0x00000004e4600000, 0x00000004e4800000|  0%| F|  |TAMS 0x00000004e4600000, 0x00000004e4600000| Untracked 
| 109|0x00000004e4800000, 0x00000004e4800000, 0x00000004e4a00000|  0%| F|  |TAMS 0x00000004e4800000, 0x00000004e4800000| Untracked 
| 110|0x00000004e4a00000, 0x00000004e4a00000, 0x00000004e4c00000|  0%| F|  |TAMS 0x00000004e4a00000, 0x00000004e4a00000| Untracked 
| 111|0x00000004e4c00000, 0x00000004e4c00000, 0x00000004e4e00000|  0%| F|  |TAMS 0x00000004e4c00000, 0x00000004e4c00000| Untracked 
| 112|0x00000004e4e00000, 0x00000004e4e00000, 0x00000004e5000000|  0%| F|  |TAMS 0x00000004e4e00000, 0x00000004e4e00000| Untracked 
| 113|0x00000004e5000000, 0x00000004e5000000, 0x00000004e5200000|  0%| F|  |TAMS 0x00000004e5000000, 0x00000004e5000000| Untracked 
| 114|0x00000004e5200000, 0x00000004e5200000, 0x00000004e5400000|  0%| F|  |TAMS 0x00000004e5200000, 0x00000004e5200000| Untracked 
| 115|0x00000004e5400000, 0x00000004e5400000, 0x00000004e5600000|  0%| F|  |TAMS 0x00000004e5400000, 0x00000004e5400000| Untracked 
| 116|0x00000004e5600000, 0x00000004e5600000, 0x00000004e5800000|  0%| F|  |TAMS 0x00000004e5600000, 0x00000004e5600000| Untracked 
| 117|0x00000004e5800000, 0x00000004e5800000, 0x00000004e5a00000|  0%| F|  |TAMS 0x00000004e5800000, 0x00000004e5800000| Untracked 
| 118|0x00000004e5a00000, 0x00000004e5a00000, 0x00000004e5c00000|  0%| F|  |TAMS 0x00000004e5a00000, 0x00000004e5a00000| Untracked 
| 119|0x00000004e5c00000, 0x00000004e5c00000, 0x00000004e5e00000|  0%| F|  |TAMS 0x00000004e5c00000, 0x00000004e5c00000| Untracked 
| 120|0x00000004e5e00000, 0x00000004e5e00000, 0x00000004e6000000|  0%| F|  |TAMS 0x00000004e5e00000, 0x00000004e5e00000| Untracked 
| 121|0x00000004e6000000, 0x00000004e6000000, 0x00000004e6200000|  0%| F|  |TAMS 0x00000004e6000000, 0x00000004e6000000| Untracked 
| 122|0x00000004e6200000, 0x00000004e6400000, 0x00000004e6400000|100%| E|  |TAMS 0x00000004e6200000, 0x00000004e6200000| Complete 
| 123|0x00000004e6400000, 0x00000004e6600000, 0x00000004e6600000|100%| E|CS|TAMS 0x00000004e6400000, 0x00000004e6400000| Complete 
| 124|0x00000004e6600000, 0x00000004e6800000, 0x00000004e6800000|100%| E|CS|TAMS 0x00000004e6600000, 0x00000004e6600000| Complete 
| 125|0x00000004e6800000, 0x00000004e6a00000, 0x00000004e6a00000|100%| E|CS|TAMS 0x00000004e6800000, 0x00000004e6800000| Complete 
| 126|0x00000004e6a00000, 0x00000004e6c00000, 0x00000004e6c00000|100%| E|  |TAMS 0x00000004e6a00000, 0x00000004e6a00000| Complete 

Card table byte_map: [0x00000140608b0000,0x00000140610a0000] _byte_map_base: 0x000001405e1f9000

Marking Bits (Prev, Next): (CMBitMap*) 0x000001405818b770, (CMBitMap*) 0x000001405818b7b0
 Prev Bits: [0x0000014061890000, 0x00000140657f8000)
 Next Bits: [0x0000014065800000, 0x0000014069768000)

Polling page: 0x0000014058210000

Metaspace:

Usage:
  Non-class:      5.71 MB used.
      Class:    669.38 KB used.
       Both:      6.37 MB used.

Virtual space:
  Non-class space:        8.00 MB reserved,       5.75 MB ( 72%) committed,  1 nodes.
      Class space:        1.00 GB reserved,     704.00 KB ( <1%) committed,  1 nodes.
             Both:        1.01 GB reserved,       6.44 MB ( <1%) committed. 

Chunk freelists:
   Non-Class:  2.08 MB
       Class:  3.21 MB
        Both:  5.29 MB

MaxMetaspaceSize: unlimited
CompressedClassSpaceSize: 1.00 GB
Initial GC threshold: 21.00 MB
Current GC threshold: 21.00 MB
CDS: off
MetaspaceReclaimPolicy: balanced
 - commit_granule_bytes: 65536.
 - commit_granule_words: 8192.
 - virtual_space_node_default_size: 1048576.
 - enlarge_chunks_in_place: 1.
 - new_chunks_are_fully_committed: 0.
 - uncommit_free_chunks: 1.
 - use_allocation_guard: 0.
 - handle_deallocations: 1.


Internal statistics:

num_allocs_failed_limit: 0.
num_arena_births: 28.
num_arena_deaths: 0.
num_vsnodes_births: 2.
num_vsnodes_deaths: 0.
num_space_committed: 103.
num_space_uncommitted: 0.
num_chunks_returned_to_freelist: 0.
num_chunks_taken_from_freelist: 56.
num_chunk_merges: 0.
num_chunk_splits: 38.
num_chunks_enlarged: 28.
num_purges: 0.
num_inconsistent_stats: 0.

CodeCache: size=49152Kb used=2881Kb max_used=2881Kb free=46270Kb
 bounds [0x000001405c5b0000, 0x000001405c890000, 0x000001405f5b0000]
 total_blobs=854 nmethods=481 adapters=299
 compilation: enabled
              stopped_count=0, restarted_count=0
 full_count=0

Compilation events (20 events):
Event: 0.503 Thread 0x000001406d063200 nmethod 467 0x000001405c87c410 code [0x000001405c87c5a0, 0x000001405c87c748]
Event: 0.504 Thread 0x000001406d1a4f00 nmethod 468 0x000001405c87c890 code [0x000001405c87ca80, 0x000001405c87cea8]
Event: 0.504 Thread 0x000001406d1a4f00  470       1       java.lang.invoke.MemberName::isResolved (13 bytes)
Event: 0.504 Thread 0x000001406d1a4f00 nmethod 470 0x000001405c87d410 code [0x000001405c87d5a0, 0x000001405c87d678]
Event: 0.505 Thread 0x000001406d1a4f00  471       1       java.lang.invoke.LambdaForm$Name::isParam (13 bytes)
Event: 0.505 Thread 0x000001406d1a7420  473       1       java.lang.invoke.LambdaForm::parameter (38 bytes)
Event: 0.505 Thread 0x000001406d1a4f00 nmethod 471 0x000001405c87da10 code [0x000001405c87dba0, 0x000001405c87dc78]
Event: 0.505 Thread 0x000001406d1a7420 nmethod 473 0x000001405c87dd10 code [0x000001405c87dea0, 0x000001405c87df98]
Event: 0.505 Thread 0x000001406d1a7420  474       1       jdk.internal.org.objectweb.asm.Frame::pop (42 bytes)
Event: 0.505 Thread 0x000001406d1a4f00  475       1       jdk.internal.org.objectweb.asm.Frame::getLocal (46 bytes)
Event: 0.505 Thread 0x000001406d1a7420 nmethod 474 0x000001405c87e090 code [0x000001405c87e220, 0x000001405c87e378]
Event: 0.506 Thread 0x000001406d1a4f00 nmethod 475 0x000001405c87e410 code [0x000001405c87e5a0, 0x000001405c87e6f8]
Event: 0.506 Thread 0x000001406d1a4f00  477       1       java.lang.invoke.MethodType::equals (56 bytes)
Event: 0.506 Thread 0x000001406d063200  480       1       jdk.internal.org.objectweb.asm.SymbolTable::addConstantUtf8Reference (101 bytes)
Event: 0.506 Thread 0x000001406d1a7420  479       1       jdk.internal.org.objectweb.asm.SymbolTable::addConstantClass (8 bytes)
Event: 0.506 Thread 0x000001406d1a4f00 nmethod 477 0x000001405c87ed90 code [0x000001405c87ef60, 0x000001405c87f318]
Event: 0.506 Thread 0x000001406d1a7420 nmethod 479 0x000001405c87f490 code [0x000001405c87f620, 0x000001405c87f708]
Event: 0.506 Thread 0x000001406d1a4f00  481       1       jdk.internal.org.objectweb.asm.ByteVector::put122 (93 bytes)
Event: 0.507 Thread 0x000001406d1a4f00 nmethod 481 0x000001405c87f790 code [0x000001405c87f920, 0x000001405c87fae8]
Event: 0.507 Thread 0x000001406d063200 nmethod 480 0x000001405c87fc10 code [0x000001405c87fe00, 0x000001405c880198]

GC Heap History (0 events):
No events

Deoptimization events (0 events):
No events

Classes unloaded (0 events):
No events

Classes redefined (0 events):
No events

Internal exceptions (2 events):
Event: 0.424 Thread 0x000001405813a740 Exception <a 'java/lang/ClassNotFoundException'{0x00000004e629c048}: javax/smartcardio/CardPermission> (0x00000004e629c048) 
thrown [e:\jenkins\tmp\workspace\build\src\src\hotspot\share\classfile\systemDictionary.cpp, line 256]
Event: 0.428 Thread 0x000001405813a740 Exception <a 'java/io/FileNotFoundException'{0x00000004e62aa4f0}> (0x00000004e62aa4f0) 
thrown [e:\jenkins\tmp\workspace\build\src\src\hotspot\share\prims\jni.cpp, line 516]

VM Operations (4 events):
Event: 0.254 Executing VM operation: HandshakeAllThreads
Event: 0.254 Executing VM operation: HandshakeAllThreads done
Event: 0.455 Executing VM operation: HandshakeAllThreads
Event: 0.455 Executing VM operation: HandshakeAllThreads done

Events (20 events):
Event: 0.508 loading class java/util/Spliterator$OfInt
Event: 0.508 loading class java/util/Spliterator$OfPrimitive
Event: 0.508 loading class java/util/Spliterator$OfPrimitive done
Event: 0.508 loading class java/util/Spliterator$OfInt done
Event: 0.508 loading class java/util/Spliterators$EmptySpliterator$OfInt done
Event: 0.508 loading class java/util/Spliterators$EmptySpliterator$OfLong
Event: 0.508 loading class java/util/Spliterator$OfLong
Event: 0.508 loading class java/util/Spliterator$OfLong done
Event: 0.508 loading class java/util/Spliterators$EmptySpliterator$OfLong done
Event: 0.508 loading class java/util/Spliterators$EmptySpliterator$OfDouble
Event: 0.508 loading class java/util/Spliterator$OfDouble
Event: 0.508 loading class java/util/Spliterator$OfDouble done
Event: 0.508 loading class java/util/Spliterators$EmptySpliterator$OfDouble done
Event: 0.508 loading class java/util/Spliterators$ArraySpliterator
Event: 0.508 loading class java/util/Spliterators$ArraySpliterator done
Event: 0.508 loading class java/util/stream/StreamSupport
Event: 0.509 loading class java/util/stream/StreamSupport done
Event: 0.509 loading class java/util/stream/ReferencePipeline$Head
Event: 0.509 loading class java/util/stream/ReferencePipeline
Event: 0.509 loading class java/util/stream/Stream


Dynamic libraries:
0x00007ff77b8d0000 - 0x00007ff77b8de000 	c:\Users\HP\.vscode\extensions\redhat.java-1.4.0\jre\17.0.2-win32-x86_64\bin\java.exe
0x00007ff824140000 - 0x00007ff824349000 	C:\WINDOWS\SYSTEM32\ntdll.dll
0x00007ff822d60000 - 0x00007ff822e1d000 	C:\WINDOWS\System32\KERNEL32.DLL
0x00007ff821750000 - 0x00007ff821ac4000 	C:\WINDOWS\System32\KERNELBASE.dll
0x00007ff821d80000 - 0x00007ff821e91000 	C:\WINDOWS\System32\ucrtbase.dll
0x00007ff805cc0000 - 0x00007ff805cd9000 	c:\Users\HP\.vscode\extensions\redhat.java-1.4.0\jre\17.0.2-win32-x86_64\bin\VCRUNTIME140.dll
0x00007ff805ad0000 - 0x00007ff805ae8000 	c:\Users\HP\.vscode\extensions\redhat.java-1.4.0\jre\17.0.2-win32-x86_64\bin\jli.dll
0x00007ff823f50000 - 0x00007ff8240fc000 	C:\WINDOWS\System32\USER32.dll
0x00007ff821c40000 - 0x00007ff821c66000 	C:\WINDOWS\System32\win32u.dll
0x00007ff822270000 - 0x00007ff822299000 	C:\WINDOWS\System32\GDI32.dll
0x00007ff801310000 - 0x00007ff8015b5000 	C:\WINDOWS\WinSxS\amd64_microsoft.windows.common-controls_6595b64144ccf1df_6.0.22000.120_none_9d947278b86cc467\COMCTL32.dll
0x00007ff821630000 - 0x00007ff821742000 	C:\WINDOWS\System32\gdi32full.dll
0x00007ff821fe0000 - 0x00007ff822083000 	C:\WINDOWS\System32\msvcrt.dll
0x00007ff821c70000 - 0x00007ff821d0d000 	C:\WINDOWS\System32\msvcp_win.dll
0x00007ff822180000 - 0x00007ff8221b1000 	C:\WINDOWS\System32\IMM32.DLL
0x00007ff80b040000 - 0x00007ff80b04c000 	c:\Users\HP\.vscode\extensions\redhat.java-1.4.0\jre\17.0.2-win32-x86_64\bin\vcruntime140_1.dll
0x00007fffd2980000 - 0x00007fffd2a11000 	c:\Users\HP\.vscode\extensions\redhat.java-1.4.0\jre\17.0.2-win32-x86_64\bin\msvcp140.dll
0x00007fff8ad10000 - 0x00007fff8b957000 	c:\Users\HP\.vscode\extensions\redhat.java-1.4.0\jre\17.0.2-win32-x86_64\bin\server\jvm.dll
0x00007ff8221c0000 - 0x00007ff82226e000 	C:\WINDOWS\System32\ADVAPI32.dll
0x00007ff823eb0000 - 0x00007ff823f4e000 	C:\WINDOWS\System32\sechost.dll
0x00007ff822c40000 - 0x00007ff822d60000 	C:\WINDOWS\System32\RPCRT4.dll
0x00007ff823480000 - 0x00007ff823488000 	C:\WINDOWS\System32\PSAPI.DLL
0x00007fffe23d0000 - 0x00007fffe23d9000 	C:\WINDOWS\SYSTEM32\WSOCK32.dll
0x00007ff81b550000 - 0x00007ff81b55a000 	C:\WINDOWS\SYSTEM32\VERSION.dll
0x00007ff81ccc0000 - 0x00007ff81ccf3000 	C:\WINDOWS\SYSTEM32\WINMM.dll
0x00007ff823e40000 - 0x00007ff823eaf000 	C:\WINDOWS\System32\WS2_32.dll
0x00007ff8207a0000 - 0x00007ff8207b8000 	C:\WINDOWS\SYSTEM32\kernel.appcore.dll
0x00007ff808140000 - 0x00007ff80814a000 	c:\Users\HP\.vscode\extensions\redhat.java-1.4.0\jre\17.0.2-win32-x86_64\bin\jimage.dll
0x00007ff81f120000 - 0x00007ff81f341000 	C:\WINDOWS\SYSTEM32\DBGHELP.DLL
0x00007ff801f40000 - 0x00007ff801f71000 	C:\WINDOWS\SYSTEM32\dbgcore.DLL
0x00007ff821ea0000 - 0x00007ff821f1f000 	C:\WINDOWS\System32\bcryptPrimitives.dll
0x00007ff8057b0000 - 0x00007ff8057d5000 	c:\Users\HP\.vscode\extensions\redhat.java-1.4.0\jre\17.0.2-win32-x86_64\bin\java.dll
0x00007ffffb9e0000 - 0x00007ffffb9f8000 	c:\Users\HP\.vscode\extensions\redhat.java-1.4.0\jre\17.0.2-win32-x86_64\bin\zip.dll
0x00007ff8222a0000 - 0x00007ff822a4e000 	C:\WINDOWS\System32\SHELL32.dll
0x00007ff81f7a0000 - 0x00007ff820008000 	C:\WINDOWS\SYSTEM32\windows.storage.dll
0x00007ff823100000 - 0x00007ff823478000 	C:\WINDOWS\System32\combase.dll
0x00007ff81f630000 - 0x00007ff81f796000 	C:\WINDOWS\SYSTEM32\wintypes.dll
0x00007ff823710000 - 0x00007ff8237fa000 	C:\WINDOWS\System32\SHCORE.dll
0x00007ff822ea0000 - 0x00007ff822efd000 	C:\WINDOWS\System32\shlwapi.dll
0x00007ff821560000 - 0x00007ff821581000 	C:\WINDOWS\SYSTEM32\profapi.dll
0x00007fffecbe0000 - 0x00007fffecbf9000 	C:\Users\HP\.vscode\extensions\redhat.java-1.4.0\jre\17.0.2-win32-x86_64\bin\net.dll
0x00007ff81c200000 - 0x00007ff81c30c000 	C:\WINDOWS\SYSTEM32\WINHTTP.dll
0x00007ff820c50000 - 0x00007ff820cb7000 	C:\WINDOWS\system32\mswsock.dll
0x00007fffecbc0000 - 0x00007fffecbd5000 	C:\Users\HP\.vscode\extensions\redhat.java-1.4.0\jre\17.0.2-win32-x86_64\bin\nio.dll
0x00007fffe3880000 - 0x00007fffe3890000 	c:\Users\HP\.vscode\extensions\redhat.java-1.4.0\jre\17.0.2-win32-x86_64\bin\verify.dll

dbghelp: loaded successfully - version: 4.0.5 - missing functions: none
symbol engine: initialized successfully - sym options: 0x614 - pdb path: .;c:\Users\HP\.vscode\extensions\redhat.java-1.4.0\jre\17.0.2-win32-x86_64\bin;C:\WINDOWS\SYSTEM32;C:\WINDOWS\WinSxS\amd64_microsoft.windows.common-controls_6595b64144ccf1df_6.0.22000.120_none_9d947278b86cc467;c:\Users\HP\.vscode\extensions\redhat.java-1.4.0\jre\17.0.2-win32-x86_64\bin\server

VM Arguments:
jvm_args: -Dsts.lsp.client=vscode -Dsts.log.file=/dev/null -XX:TieredStopAtLevel=1 -Dspring.config.location=file:c:\Users\HP\.vscode\extensions\pivotal.vscode-spring-boot-1.32.0\language-server\BOOT-INF\classes\application.properties 
java_command: org.springframework.ide.vscode.boot.app.BootLanguageServerBootApp
java_class_path (initial): c:\Users\HP\.vscode\extensions\pivotal.vscode-spring-boot-1.32.0\language-server\BOOT-INF\classes;c:\Users\HP\.vscode\extensions\pivotal.vscode-spring-boot-1.32.0\language-server\BOOT-INF\lib\antlr4-runtime-4.5.3.jar;c:\Users\HP\.vscode\extensions\pivotal.vscode-spring-boot-1.32.0\language-server\BOOT-INF\lib\byte-buddy-1.10.18.jar;c:\Users\HP\.vscode\extensions\pivotal.vscode-spring-boot-1.32.0\language-server\BOOT-INF\lib\commons-codec-1.14.jar;c:\Users\HP\.vscode\extensions\pivotal.vscode-spring-boot-1.32.0\language-server\BOOT-INF\lib\commons-io-2.4.jar;c:\Users\HP\.vscode\extensions\pivotal.vscode-spring-boot-1.32.0\language-server\BOOT-INF\lib\commons-java-1.32.0-SNAPSHOT.jar;c:\Users\HP\.vscode\extensions\pivotal.vscode-spring-boot-1.32.0\language-server\BOOT-INF\lib\commons-lang3-3.10.jar;c:\Users\HP\.vscode\extensions\pivotal.vscode-spring-boot-1.32.0\language-server\BOOT-INF\lib\commons-language-server-1.32.0-SNAPSHOT.jar;c:\Users\HP\.vscode\extensions\pivotal.vscode-spring-boot-1.32.0\language-server\BOOT-INF\lib\commons-lsp-extensions-1.32.0-SNAPSHOT.jar;c:\Users\HP\.vscode\extensions\pivotal.vscode-spring-boot-1.32.0\language-server\BOOT-INF\lib\commons-util-1.32.0-SNAPSHOT.jar;c:\Users\HP\.vscode\extensions\pivotal.vscode-spring-boot-1.32.0\language-server\BOOT-INF\lib\commons-yaml-1.32.0-SNAPSHOT.jar;c:\Users\HP\.vscode\extensions\pivotal.vscode-spring-boot-1.32.0\language-server\BOOT-INF\lib\gson-2.8.6.jar;c:\Users\HP\.vscode\extensions\pivotal.vscode-spring-boot-1.32.0\language-server\BOOT-INF\lib\guava-19.0.jar;c:\Users\HP\.vscode\extensions\pivotal.vscode-spring-boot-1.32.0\language-server\BOOT-INF\lib\jakarta.annotation-api-1.3.5.jar;c:\Users\HP\.vscode\extensions\pivotal.vscode-spring-boot-1.32.0\language-server\BOOT-INF\lib\jandex-2.0.5.Final.jar;c:\Users\HP\.vscode\extensions\pivotal.vscode-spring-boot-1.32.0\language-server\BOOT-INF\lib\java-properties-1.32.0-SNAPSHOT.jar;c:\Users\HP\.vscode\extensions\pivotal.vsc
Launcher Type: SUN_STANDARD

[Global flags]
     intx CICompilerCount                          = 4                                         {product} {ergonomic}
     uint ConcGCThreads                            = 3                                         {product} {ergonomic}
     uint G1ConcRefinementThreads                  = 10                                        {product} {ergonomic}
   size_t G1HeapRegionSize                         = 2097152                                   {product} {ergonomic}
    uintx GCDrainStackTargetSize                   = 64                                        {product} {ergonomic}
   size_t InitialHeapSize                          = 266338304                                 {product} {ergonomic}
   size_t MarkStackSize                            = 4194304                                   {product} {ergonomic}
   size_t MaxHeapSize                              = 4255121408                                {product} {ergonomic}
   size_t MaxNewSize                               = 2552233984                                {product} {ergonomic}
   size_t MinHeapDeltaBytes                        = 2097152                                   {product} {ergonomic}
   size_t MinHeapSize                              = 8388608                                   {product} {ergonomic}
    uintx NonProfiledCodeHeapSize                  = 0                                      {pd product} {ergonomic}
     bool ProfileInterpreter                       = false                                  {pd product} {command line}
    uintx ProfiledCodeHeapSize                     = 0                                      {pd product} {ergonomic}
   size_t SoftMaxHeapSize                          = 4255121408                             {manageable} {ergonomic}
     intx TieredStopAtLevel                        = 1                                         {product} {command line}
     bool UseCompressedClassPointers               = true                           {product lp64_product} {ergonomic}
     bool UseCompressedOops                        = true                           {product lp64_product} {ergonomic}
     bool UseG1GC                                  = true                                      {product} {ergonomic}
     bool UseLargePagesIndividualAllocation        = false                                  {pd product} {ergonomic}

Logging:
Log output configuration:
 #0: stdout all=warning uptime,level,tags
 #1: stderr all=off uptime,level,tags

Environment Variables:
JAVA_HOME=C:\Program Files\OpenJDK\openjdk-8u312-b07
PATH=C:\Program Files\Common Files\Oracle\Java\javapath;C:\Program Files (x86)\Common Files\Oracle\Java\javapath;C:\ProgramData\Oracle\Java\javapath;C:\Program Files\AdoptOpenJDK\jdk-8.0.265.01-hotspot\bin;C:\Program Files (x86)\Common Files\Intel\Shared Libraries\redist\intel64\compiler;C:\windows\system32;C:\windows;C:\windows\System32\Wbem;C:\windows\System32\WindowsPowerShell\v1.0\;C:\windows\System32\OpenSSH\;C:\Program Files (x86)\NVIDIA Corporation\PhysX\Common;C:\Program Files\NVIDIA Corporation\NVIDIA NvDLISR;C:\WINDOWS\system32;C:\WINDOWS;C:\WINDOWS\System32\Wbem;C:\WINDOWS\System32\WindowsPowerShell\v1.0\;C:\WINDOWS\System32\OpenSSH\;D:\Software\Flutter\bin;C:\ProgramData\chocolatey\bin;C:\Program Files\Java\jdk-16.0.2\bin;C:\Program Files\nodejs\;C:\Program Files\OpenJDK\openjdk-8u312-b07\bin;C:\Users\HP\AppData\Local\Android\Sdk\platforms;C:\Program Files\dotnet\;C:\Program Files\Git\cmd;C:\dart-sdk\bin;D:\Software\ngrok;D:\Software\ngrok;C:\Users\HP\AppData\Local\Microsoft\WindowsApps;D:\Software\Flutter\bin;C:\Users\HP\AppData\Local\Programs\Microsoft VS Code\bin;C:\Users\HP\AppData\Roaming\npm;C:\Users\HP\.dotnet\tools;C:\dart-sdk\bin;
USERNAME=HP
OS=Windows_NT
PROCESSOR_IDENTIFIER=Intel64 Family 6 Model 158 Stepping 10, GenuineIntel



---------------  S Y S T E M  ---------------

OS:
 Windows 11 , 64 bit Build 22000 (10.0.22000.434)
OS uptime: 0 days 4:55 hours

CPU: total 12 (initial active 12) (6 cores per cpu, 2 threads per core) family 6 model 158 stepping 10 microcode 0xde, cx8, cmov, fxsr, ht, mmx, 3dnowpref, sse, sse2, sse3, ssse3, sse4.1, sse4.2, popcnt, lzcnt, tsc, tscinvbit, avx, avx2, aes, erms, clmul, bmi1, bmi2, adx, fma, vzeroupper, clflush, clflushopt

Memory: 4k page, system-wide physical 16224M (2001M free)
TotalPageFile size 19876M (AvailPageFile size 5M)
current process WorkingSet (physical memory assigned to process): 44M, peak: 44M
current process commit charge ("private bytes"): 341M, peak: 341M

vm_info: OpenJDK 64-Bit Server VM (17.0.2+8) for windows-amd64 JRE (17.0.2+8), built on Jan 20 2022 04:52:34 by "" with MS VC++ 16.7 (VS2019)

END.
